{"uuid":"45c58614-50ac-4f28-a016-d5dc5f1f6c1a","historyId":"5209df8733715130f7743af347d4fca7","testCaseId":"9fa86d11468d9c6f998293afd2ed2296","fullName":"src/test/resources/features/Login.feature:14","labels":[{"name":"tag","value":"login"},{"name":"host","value":"Debalinas-Air.lan"},{"name":"thread","value":"85717@Debalinas-Air.lan.main(1)"},{"name":"feature","value":"Login"},{"name":"story","value":"Validate login with valid credentials"},{"name":"suite","value":"Login"},{"name":"testClass","value":"Validate login with valid credentials"},{"name":"framework","value":"cucumber4jvm"},{"name":"language","value":"java"},{"name":"gherkin_uri","value":"file:///Users/debalinachakrabarti/eclipse-workspace/Team13_QuantumCoders_LMS_UIHackathon_Feb2025/src/test/resources/features/Login.feature"},{"name":"package","value":"src.test.resources.features.Login_feature.Login"}],"links":[],"name":"Validate login with valid credentials","status":"broken","statusDetails":{"known":false,"muted":false,"flaky":false,"message":"element click intercepted: Element <button _ngcontent-hui-c218=\"\" id=\"login\" mat-raised-button=\"\" color=\"primary\" type=\"submit\" class=\"mat-focus-indicator login-button mat-raised-button mat-button-base mat-primary\">...</button> is not clickable at point (709, 325). Other element would receive the click: <span class=\"mat-option-text\">...</span>\n  (Session info: chrome=133.0.6943.126)\nBuild info: version: '4.23.0', revision: '4df0a231af'\nSystem info: os.name: 'Mac OS X', os.arch: 'aarch64', os.version: '14.2.1', java.version: '21'\nDriver info: org.openqa.selenium.chrome.ChromeDriver\nCommand: [b93f62c03831897b4d684bd66c1bdb53, clickElement {id=f.4294F0B28BCB8BE879C62D5CF6ABE609.d.88F36AB19C182DB82A035EC8CEB06B1B.e.4}]\nCapabilities {acceptInsecureCerts: false, browserName: chrome, browserVersion: 133.0.6943.126, chrome: {chromedriverVersion: 133.0.6943.126 (cffa127ce7b..., userDataDir: /var/folders/g1/bd99g60d6y1...}, fedcm:accounts: true, goog:chromeOptions: {debuggerAddress: localhost:51643}, networkConnectionEnabled: false, pageLoadStrategy: normal, platformName: mac, proxy: Proxy(), se:cdp: ws://localhost:51643/devtoo..., se:cdpVersion: 133.0.6943.126, setWindowRect: true, strictFileInteractability: false, timeouts: {implicit: 0, pageLoad: 300000, script: 30000}, unhandledPromptBehavior: dismiss and notify, webauthn:extension:credBlob: true, webauthn:extension:largeBlob: true, webauthn:extension:minPinLength: true, webauthn:extension:prf: true, webauthn:virtualAuthenticators: true}\nElement: [[ChromeDriver: chrome on mac (b93f62c03831897b4d684bd66c1bdb53)] -> xpath: //button[@id='login']]\nSession ID: b93f62c03831897b4d684bd66c1bdb53","trace":"org.openqa.selenium.ElementClickInterceptedException: element click intercepted: Element <button _ngcontent-hui-c218=\"\" id=\"login\" mat-raised-button=\"\" color=\"primary\" type=\"submit\" class=\"mat-focus-indicator login-button mat-raised-button mat-button-base mat-primary\">...</button> is not clickable at point (709, 325). Other element would receive the click: <span class=\"mat-option-text\">...</span>\n  (Session info: chrome=133.0.6943.126)\nBuild info: version: '4.23.0', revision: '4df0a231af'\nSystem info: os.name: 'Mac OS X', os.arch: 'aarch64', os.version: '14.2.1', java.version: '21'\nDriver info: org.openqa.selenium.chrome.ChromeDriver\nCommand: [b93f62c03831897b4d684bd66c1bdb53, clickElement {id=f.4294F0B28BCB8BE879C62D5CF6ABE609.d.88F36AB19C182DB82A035EC8CEB06B1B.e.4}]\nCapabilities {acceptInsecureCerts: false, browserName: chrome, browserVersion: 133.0.6943.126, chrome: {chromedriverVersion: 133.0.6943.126 (cffa127ce7b..., userDataDir: /var/folders/g1/bd99g60d6y1...}, fedcm:accounts: true, goog:chromeOptions: {debuggerAddress: localhost:51643}, networkConnectionEnabled: false, pageLoadStrategy: normal, platformName: mac, proxy: Proxy(), se:cdp: ws://localhost:51643/devtoo..., se:cdpVersion: 133.0.6943.126, setWindowRect: true, strictFileInteractability: false, timeouts: {implicit: 0, pageLoad: 300000, script: 30000}, unhandledPromptBehavior: dismiss and notify, webauthn:extension:credBlob: true, webauthn:extension:largeBlob: true, webauthn:extension:minPinLength: true, webauthn:extension:prf: true, webauthn:virtualAuthenticators: true}\nElement: [[ChromeDriver: chrome on mac (b93f62c03831897b4d684bd66c1bdb53)] -> xpath: //button[@id='login']]\nSession ID: b93f62c03831897b4d684bd66c1bdb53\n\tat java.base/jdk.internal.reflect.DirectConstructorHandleAccessor.newInstance(DirectConstructorHandleAccessor.java:62)\n\tat java.base/java.lang.reflect.Constructor.newInstanceWithCaller(Constructor.java:502)\n\tat java.base/java.lang.reflect.Constructor.newInstance(Constructor.java:486)\n\tat org.openqa.selenium.remote.ErrorCodec.decode(ErrorCodec.java:167)\n\tat org.openqa.selenium.remote.codec.w3c.W3CHttpResponseCodec.decode(W3CHttpResponseCodec.java:138)\n\tat org.openqa.selenium.remote.codec.w3c.W3CHttpResponseCodec.decode(W3CHttpResponseCodec.java:50)\n\tat org.openqa.selenium.remote.HttpCommandExecutor.execute(HttpCommandExecutor.java:190)\n\tat org.openqa.selenium.remote.service.DriverCommandExecutor.invokeExecute(DriverCommandExecutor.java:216)\n\tat org.openqa.selenium.remote.service.DriverCommandExecutor.execute(DriverCommandExecutor.java:174)\n\tat org.openqa.selenium.remote.RemoteWebDriver.execute(RemoteWebDriver.java:527)\n\tat org.openqa.selenium.remote.RemoteWebElement.execute(RemoteWebElement.java:223)\n\tat org.openqa.selenium.remote.RemoteWebElement.click(RemoteWebElement.java:76)\n\tat pageObjects.LoginPage.clicklogin(LoginPage.java:106)\n\tat stepDefinitions.LoginPageSteps.admin_enter_valid_credentials_with_and_and_clicks_login_button_in_login_module(LoginPageSteps.java:30)\n\tat ✽.Admin enter valid  credentials with \"Login\" and \"LoginWithValidCredentials\" and clicks login button in login module.(file:///Users/debalinachakrabarti/eclipse-workspace/Team13_QuantumCoders_LMS_UIHackathon_Feb2025/src/test/resources/features/Login.feature:9)\n"},"stage":"finished","steps":[{"name":"Given Admin is in login Page.","status":"passed","statusDetails":{"known":false,"muted":false,"flaky":false},"stage":"finished","steps":[],"attachments":[],"parameters":[],"start":1739945751085,"stop":1739945752677},{"name":"When Admin enter valid  credentials with \"Login\" and \"LoginWithValidCredentials\" and clicks login button in login module.","status":"broken","statusDetails":{"known":false,"muted":false,"flaky":false,"message":"element click intercepted: Element <button _ngcontent-hui-c218=\"\" id=\"login\" mat-raised-button=\"\" color=\"primary\" type=\"submit\" class=\"mat-focus-indicator login-button mat-raised-button mat-button-base mat-primary\">...</button> is not clickable at point (709, 325). Other element would receive the click: <span class=\"mat-option-text\">...</span>\n  (Session info: chrome=133.0.6943.126)\nBuild info: version: '4.23.0', revision: '4df0a231af'\nSystem info: os.name: 'Mac OS X', os.arch: 'aarch64', os.version: '14.2.1', java.version: '21'\nDriver info: org.openqa.selenium.chrome.ChromeDriver\nCommand: [b93f62c03831897b4d684bd66c1bdb53, clickElement {id=f.4294F0B28BCB8BE879C62D5CF6ABE609.d.88F36AB19C182DB82A035EC8CEB06B1B.e.4}]\nCapabilities {acceptInsecureCerts: false, browserName: chrome, browserVersion: 133.0.6943.126, chrome: {chromedriverVersion: 133.0.6943.126 (cffa127ce7b..., userDataDir: /var/folders/g1/bd99g60d6y1...}, fedcm:accounts: true, goog:chromeOptions: {debuggerAddress: localhost:51643}, networkConnectionEnabled: false, pageLoadStrategy: normal, platformName: mac, proxy: Proxy(), se:cdp: ws://localhost:51643/devtoo..., se:cdpVersion: 133.0.6943.126, setWindowRect: true, strictFileInteractability: false, timeouts: {implicit: 0, pageLoad: 300000, script: 30000}, unhandledPromptBehavior: dismiss and notify, webauthn:extension:credBlob: true, webauthn:extension:largeBlob: true, webauthn:extension:minPinLength: true, webauthn:extension:prf: true, webauthn:virtualAuthenticators: true}\nElement: [[ChromeDriver: chrome on mac (b93f62c03831897b4d684bd66c1bdb53)] -> xpath: //button[@id='login']]\nSession ID: b93f62c03831897b4d684bd66c1bdb53","trace":"org.openqa.selenium.ElementClickInterceptedException: element click intercepted: Element <button _ngcontent-hui-c218=\"\" id=\"login\" mat-raised-button=\"\" color=\"primary\" type=\"submit\" class=\"mat-focus-indicator login-button mat-raised-button mat-button-base mat-primary\">...</button> is not clickable at point (709, 325). Other element would receive the click: <span class=\"mat-option-text\">...</span>\n  (Session info: chrome=133.0.6943.126)\nBuild info: version: '4.23.0', revision: '4df0a231af'\nSystem info: os.name: 'Mac OS X', os.arch: 'aarch64', os.version: '14.2.1', java.version: '21'\nDriver info: org.openqa.selenium.chrome.ChromeDriver\nCommand: [b93f62c03831897b4d684bd66c1bdb53, clickElement {id=f.4294F0B28BCB8BE879C62D5CF6ABE609.d.88F36AB19C182DB82A035EC8CEB06B1B.e.4}]\nCapabilities {acceptInsecureCerts: false, browserName: chrome, browserVersion: 133.0.6943.126, chrome: {chromedriverVersion: 133.0.6943.126 (cffa127ce7b..., userDataDir: /var/folders/g1/bd99g60d6y1...}, fedcm:accounts: true, goog:chromeOptions: {debuggerAddress: localhost:51643}, networkConnectionEnabled: false, pageLoadStrategy: normal, platformName: mac, proxy: Proxy(), se:cdp: ws://localhost:51643/devtoo..., se:cdpVersion: 133.0.6943.126, setWindowRect: true, strictFileInteractability: false, timeouts: {implicit: 0, pageLoad: 300000, script: 30000}, unhandledPromptBehavior: dismiss and notify, webauthn:extension:credBlob: true, webauthn:extension:largeBlob: true, webauthn:extension:minPinLength: true, webauthn:extension:prf: true, webauthn:virtualAuthenticators: true}\nElement: [[ChromeDriver: chrome on mac (b93f62c03831897b4d684bd66c1bdb53)] -> xpath: //button[@id='login']]\nSession ID: b93f62c03831897b4d684bd66c1bdb53\n\tat java.base/jdk.internal.reflect.DirectConstructorHandleAccessor.newInstance(DirectConstructorHandleAccessor.java:62)\n\tat java.base/java.lang.reflect.Constructor.newInstanceWithCaller(Constructor.java:502)\n\tat java.base/java.lang.reflect.Constructor.newInstance(Constructor.java:486)\n\tat org.openqa.selenium.remote.ErrorCodec.decode(ErrorCodec.java:167)\n\tat org.openqa.selenium.remote.codec.w3c.W3CHttpResponseCodec.decode(W3CHttpResponseCodec.java:138)\n\tat org.openqa.selenium.remote.codec.w3c.W3CHttpResponseCodec.decode(W3CHttpResponseCodec.java:50)\n\tat org.openqa.selenium.remote.HttpCommandExecutor.execute(HttpCommandExecutor.java:190)\n\tat org.openqa.selenium.remote.service.DriverCommandExecutor.invokeExecute(DriverCommandExecutor.java:216)\n\tat org.openqa.selenium.remote.service.DriverCommandExecutor.execute(DriverCommandExecutor.java:174)\n\tat org.openqa.selenium.remote.RemoteWebDriver.execute(RemoteWebDriver.java:527)\n\tat org.openqa.selenium.remote.RemoteWebElement.execute(RemoteWebElement.java:223)\n\tat org.openqa.selenium.remote.RemoteWebElement.click(RemoteWebElement.java:76)\n\tat pageObjects.LoginPage.clicklogin(LoginPage.java:106)\n\tat stepDefinitions.LoginPageSteps.admin_enter_valid_credentials_with_and_and_clicks_login_button_in_login_module(LoginPageSteps.java:30)\n\tat ✽.Admin enter valid  credentials with \"Login\" and \"LoginWithValidCredentials\" and clicks login button in login module.(file:///Users/debalinachakrabarti/eclipse-workspace/Team13_QuantumCoders_LMS_UIHackathon_Feb2025/src/test/resources/features/Login.feature:9)\n"},"stage":"finished","steps":[],"attachments":[],"parameters":[],"start":1739945752684,"stop":1739945757349},{"name":"Then Admin should land on dashboard page","status":"skipped","statusDetails":{"known":false,"muted":false,"flaky":false},"stage":"finished","steps":[],"attachments":[],"parameters":[],"start":1739945757354,"stop":1739945757355}],"attachments":[],"parameters":[{"name":"sheetname","value":"Login"},{"name":"scenarioName","value":"LoginWithValidCredentials"}],"start":1739945751022,"stop":1739945757554}