{"uuid":"a996feca-6565-4ebf-9a79-25191ff0996e","historyId":"748e7da235a81c26de52c7839a1b03d1","testCaseId":"182b28840c8c1998a1398848dd8aeef1","fullName":"src/test/resources/features/04-Batch.feature:26","labels":[{"name":"tag","value":"BatchPage"},{"name":"tag","value":"tag5"},{"name":"host","value":"Debalinas-Air.lan"},{"name":"thread","value":"63065@Debalinas-Air.lan.main(1)"},{"name":"feature","value":"Batch Module"},{"name":"story","value":"Validate data table headers in Batch Page"},{"name":"suite","value":"Batch Module"},{"name":"testClass","value":"Validate data table headers in Batch Page"},{"name":"framework","value":"cucumber4jvm"},{"name":"language","value":"java"},{"name":"gherkin_uri","value":"file:///Users/debalinachakrabarti/git/Team13_QuantumCoders_LMS_UIHackathon_Feb2025/Team13_QuantumCoders_LMS_UIHackathon_Feb2025/src/test/resources/features/04-Batch.feature"},{"name":"package","value":"src.test.resources.features.04-Batch_feature.Batch Module"}],"links":[],"name":"Validate data table headers in Batch Page","status":"broken","statusDetails":{"known":false,"muted":false,"flaky":false,"message":"no such element: Unable to locate element: {\"method\":\"xpath\",\"selector\":\"//th[normalize-space()='Batch Name']//i[@class='p-sortable-column-icon pi pi-fw pi-sort-alt']\"}\n  (Session info: chrome=133.0.6943.126)\nFor documentation on this error, please visit: https://www.selenium.dev/documentation/webdriver/troubleshooting/errors#no-such-element-exception\nBuild info: version: '4.23.0', revision: '4df0a231af'\nSystem info: os.name: 'Mac OS X', os.arch: 'aarch64', os.version: '14.2.1', java.version: '21'\nDriver info: org.openqa.selenium.chrome.ChromeDriver\nCommand: [5d73df9a5887f1b9aee37cc0ee7d7d19, findElement {value=//th[normalize-space()='Batch Name']//i[@class='p-sortable-column-icon pi pi-fw pi-sort-alt'], using=xpath}]\nCapabilities {acceptInsecureCerts: false, browserName: chrome, browserVersion: 133.0.6943.126, chrome: {chromedriverVersion: 133.0.6943.126 (cffa127ce7b..., userDataDir: /var/folders/g1/bd99g60d6y1...}, fedcm:accounts: true, goog:chromeOptions: {debuggerAddress: localhost:54326}, networkConnectionEnabled: false, pageLoadStrategy: normal, platformName: mac, proxy: Proxy(), se:cdp: ws://localhost:54326/devtoo..., se:cdpVersion: 133.0.6943.126, setWindowRect: true, strictFileInteractability: false, timeouts: {implicit: 0, pageLoad: 300000, script: 30000}, unhandledPromptBehavior: dismiss and notify, webauthn:extension:credBlob: true, webauthn:extension:largeBlob: true, webauthn:extension:minPinLength: true, webauthn:extension:prf: true, webauthn:virtualAuthenticators: true}\nSession ID: 5d73df9a5887f1b9aee37cc0ee7d7d19","trace":"org.openqa.selenium.NoSuchElementException: no such element: Unable to locate element: {\"method\":\"xpath\",\"selector\":\"//th[normalize-space()='Batch Name']//i[@class='p-sortable-column-icon pi pi-fw pi-sort-alt']\"}\n  (Session info: chrome=133.0.6943.126)\nFor documentation on this error, please visit: https://www.selenium.dev/documentation/webdriver/troubleshooting/errors#no-such-element-exception\nBuild info: version: '4.23.0', revision: '4df0a231af'\nSystem info: os.name: 'Mac OS X', os.arch: 'aarch64', os.version: '14.2.1', java.version: '21'\nDriver info: org.openqa.selenium.chrome.ChromeDriver\nCommand: [5d73df9a5887f1b9aee37cc0ee7d7d19, findElement {value=//th[normalize-space()='Batch Name']//i[@class='p-sortable-column-icon pi pi-fw pi-sort-alt'], using=xpath}]\nCapabilities {acceptInsecureCerts: false, browserName: chrome, browserVersion: 133.0.6943.126, chrome: {chromedriverVersion: 133.0.6943.126 (cffa127ce7b..., userDataDir: /var/folders/g1/bd99g60d6y1...}, fedcm:accounts: true, goog:chromeOptions: {debuggerAddress: localhost:54326}, networkConnectionEnabled: false, pageLoadStrategy: normal, platformName: mac, proxy: Proxy(), se:cdp: ws://localhost:54326/devtoo..., se:cdpVersion: 133.0.6943.126, setWindowRect: true, strictFileInteractability: false, timeouts: {implicit: 0, pageLoad: 300000, script: 30000}, unhandledPromptBehavior: dismiss and notify, webauthn:extension:credBlob: true, webauthn:extension:largeBlob: true, webauthn:extension:minPinLength: true, webauthn:extension:prf: true, webauthn:virtualAuthenticators: true}\nSession ID: 5d73df9a5887f1b9aee37cc0ee7d7d19\n\tat java.base/jdk.internal.reflect.DirectConstructorHandleAccessor.newInstance(DirectConstructorHandleAccessor.java:62)\n\tat java.base/java.lang.reflect.Constructor.newInstanceWithCaller(Constructor.java:502)\n\tat java.base/java.lang.reflect.Constructor.newInstance(Constructor.java:486)\n\tat org.openqa.selenium.remote.ErrorCodec.decode(ErrorCodec.java:167)\n\tat org.openqa.selenium.remote.codec.w3c.W3CHttpResponseCodec.decode(W3CHttpResponseCodec.java:138)\n\tat org.openqa.selenium.remote.codec.w3c.W3CHttpResponseCodec.decode(W3CHttpResponseCodec.java:50)\n\tat org.openqa.selenium.remote.HttpCommandExecutor.execute(HttpCommandExecutor.java:190)\n\tat org.openqa.selenium.remote.service.DriverCommandExecutor.invokeExecute(DriverCommandExecutor.java:216)\n\tat org.openqa.selenium.remote.service.DriverCommandExecutor.execute(DriverCommandExecutor.java:174)\n\tat org.openqa.selenium.remote.RemoteWebDriver.execute(RemoteWebDriver.java:527)\n\tat org.openqa.selenium.remote.ElementLocation$ElementFinder$2.findElement(ElementLocation.java:165)\n\tat org.openqa.selenium.remote.ElementLocation.findElement(ElementLocation.java:59)\n\tat org.openqa.selenium.remote.RemoteWebDriver.findElement(RemoteWebDriver.java:357)\n\tat org.openqa.selenium.remote.RemoteWebDriver.findElement(RemoteWebDriver.java:351)\n\tat pageObjects.BatchPage.isSortDisplayed(BatchPage.java:165)\n\tat stepDefinitions.BatchSteps.admin_should_to_see_the_sort_icon_check_box_in_the_datatable_header_in_batch_page(BatchSteps.java:66)\n\tat ✽.Admin should to see the sort icon, Check box in the datatable header in Batch page(file:///Users/debalinachakrabarti/git/Team13_QuantumCoders_LMS_UIHackathon_Feb2025/Team13_QuantumCoders_LMS_UIHackathon_Feb2025/src/test/resources/features/04-Batch.feature:28)\n"},"stage":"finished","steps":[{"name":"Then Admin should to see the sort icon, Check box in the datatable header in Batch page","status":"broken","statusDetails":{"known":false,"muted":false,"flaky":false,"message":"no such element: Unable to locate element: {\"method\":\"xpath\",\"selector\":\"//th[normalize-space()='Batch Name']//i[@class='p-sortable-column-icon pi pi-fw pi-sort-alt']\"}\n  (Session info: chrome=133.0.6943.126)\nFor documentation on this error, please visit: https://www.selenium.dev/documentation/webdriver/troubleshooting/errors#no-such-element-exception\nBuild info: version: '4.23.0', revision: '4df0a231af'\nSystem info: os.name: 'Mac OS X', os.arch: 'aarch64', os.version: '14.2.1', java.version: '21'\nDriver info: org.openqa.selenium.chrome.ChromeDriver\nCommand: [5d73df9a5887f1b9aee37cc0ee7d7d19, findElement {value=//th[normalize-space()='Batch Name']//i[@class='p-sortable-column-icon pi pi-fw pi-sort-alt'], using=xpath}]\nCapabilities {acceptInsecureCerts: false, browserName: chrome, browserVersion: 133.0.6943.126, chrome: {chromedriverVersion: 133.0.6943.126 (cffa127ce7b..., userDataDir: /var/folders/g1/bd99g60d6y1...}, fedcm:accounts: true, goog:chromeOptions: {debuggerAddress: localhost:54326}, networkConnectionEnabled: false, pageLoadStrategy: normal, platformName: mac, proxy: Proxy(), se:cdp: ws://localhost:54326/devtoo..., se:cdpVersion: 133.0.6943.126, setWindowRect: true, strictFileInteractability: false, timeouts: {implicit: 0, pageLoad: 300000, script: 30000}, unhandledPromptBehavior: dismiss and notify, webauthn:extension:credBlob: true, webauthn:extension:largeBlob: true, webauthn:extension:minPinLength: true, webauthn:extension:prf: true, webauthn:virtualAuthenticators: true}\nSession ID: 5d73df9a5887f1b9aee37cc0ee7d7d19","trace":"org.openqa.selenium.NoSuchElementException: no such element: Unable to locate element: {\"method\":\"xpath\",\"selector\":\"//th[normalize-space()='Batch Name']//i[@class='p-sortable-column-icon pi pi-fw pi-sort-alt']\"}\n  (Session info: chrome=133.0.6943.126)\nFor documentation on this error, please visit: https://www.selenium.dev/documentation/webdriver/troubleshooting/errors#no-such-element-exception\nBuild info: version: '4.23.0', revision: '4df0a231af'\nSystem info: os.name: 'Mac OS X', os.arch: 'aarch64', os.version: '14.2.1', java.version: '21'\nDriver info: org.openqa.selenium.chrome.ChromeDriver\nCommand: [5d73df9a5887f1b9aee37cc0ee7d7d19, findElement {value=//th[normalize-space()='Batch Name']//i[@class='p-sortable-column-icon pi pi-fw pi-sort-alt'], using=xpath}]\nCapabilities {acceptInsecureCerts: false, browserName: chrome, browserVersion: 133.0.6943.126, chrome: {chromedriverVersion: 133.0.6943.126 (cffa127ce7b..., userDataDir: /var/folders/g1/bd99g60d6y1...}, fedcm:accounts: true, goog:chromeOptions: {debuggerAddress: localhost:54326}, networkConnectionEnabled: false, pageLoadStrategy: normal, platformName: mac, proxy: Proxy(), se:cdp: ws://localhost:54326/devtoo..., se:cdpVersion: 133.0.6943.126, setWindowRect: true, strictFileInteractability: false, timeouts: {implicit: 0, pageLoad: 300000, script: 30000}, unhandledPromptBehavior: dismiss and notify, webauthn:extension:credBlob: true, webauthn:extension:largeBlob: true, webauthn:extension:minPinLength: true, webauthn:extension:prf: true, webauthn:virtualAuthenticators: true}\nSession ID: 5d73df9a5887f1b9aee37cc0ee7d7d19\n\tat java.base/jdk.internal.reflect.DirectConstructorHandleAccessor.newInstance(DirectConstructorHandleAccessor.java:62)\n\tat java.base/java.lang.reflect.Constructor.newInstanceWithCaller(Constructor.java:502)\n\tat java.base/java.lang.reflect.Constructor.newInstance(Constructor.java:486)\n\tat org.openqa.selenium.remote.ErrorCodec.decode(ErrorCodec.java:167)\n\tat org.openqa.selenium.remote.codec.w3c.W3CHttpResponseCodec.decode(W3CHttpResponseCodec.java:138)\n\tat org.openqa.selenium.remote.codec.w3c.W3CHttpResponseCodec.decode(W3CHttpResponseCodec.java:50)\n\tat org.openqa.selenium.remote.HttpCommandExecutor.execute(HttpCommandExecutor.java:190)\n\tat org.openqa.selenium.remote.service.DriverCommandExecutor.invokeExecute(DriverCommandExecutor.java:216)\n\tat org.openqa.selenium.remote.service.DriverCommandExecutor.execute(DriverCommandExecutor.java:174)\n\tat org.openqa.selenium.remote.RemoteWebDriver.execute(RemoteWebDriver.java:527)\n\tat org.openqa.selenium.remote.ElementLocation$ElementFinder$2.findElement(ElementLocation.java:165)\n\tat org.openqa.selenium.remote.ElementLocation.findElement(ElementLocation.java:59)\n\tat org.openqa.selenium.remote.RemoteWebDriver.findElement(RemoteWebDriver.java:357)\n\tat org.openqa.selenium.remote.RemoteWebDriver.findElement(RemoteWebDriver.java:351)\n\tat pageObjects.BatchPage.isSortDisplayed(BatchPage.java:165)\n\tat stepDefinitions.BatchSteps.admin_should_to_see_the_sort_icon_check_box_in_the_datatable_header_in_batch_page(BatchSteps.java:66)\n\tat ✽.Admin should to see the sort icon, Check box in the datatable header in Batch page(file:///Users/debalinachakrabarti/git/Team13_QuantumCoders_LMS_UIHackathon_Feb2025/Team13_QuantumCoders_LMS_UIHackathon_Feb2025/src/test/resources/features/04-Batch.feature:28)\n"},"stage":"finished","steps":[],"attachments":[],"parameters":[],"start":1740449238230,"stop":1740449248310}],"attachments":[],"parameters":[],"start":1740449238228,"stop":1740449248476}