{"uuid":"dbe72e42-c075-4938-8da7-b8661d455e87","historyId":"69295e9263a35df499a5614af1ba028b","testCaseId":"a54ba43601b7cd961e28178e7b5fded4","fullName":"src/test/resources/features/03_02Program_MenuBar.feature:31","labels":[{"name":"host","value":"Haripriya"},{"name":"thread","value":"50152@Haripriya.main(1)"},{"name":"feature","value":"Program Menubar feature"},{"name":"story","value":"Verify sub menu displayed in program menu bar"},{"name":"suite","value":"Program Menubar feature"},{"name":"testClass","value":"Verify sub menu displayed in program menu bar"},{"name":"framework","value":"cucumber4jvm"},{"name":"language","value":"java"},{"name":"gherkin_uri","value":"file:///C:/Users/vijay/git/Team13_QuantumCoders_LMS_UIHackathon_Feb2025/Team13_QuantumCoders_LMS_UIHackathon_Feb2025/src/test/resources/features/03_02Program_MenuBar.feature"},{"name":"package","value":"src.test.resources.features.03_02Program_MenuBar_feature.Program Menubar feature"}],"links":[],"name":"Verify sub menu displayed in program menu bar","status":"broken","statusDetails":{"known":false,"muted":false,"flaky":false,"message":"element click intercepted: Element <span class=\"mat-button-wrapper\">...</span> is not clickable at point (1250, 32). Other element would receive the click: <div class=\"cdk-overlay-backdrop cdk-overlay-transparent-backdrop cdk-overlay-backdrop-showing\"></div>\n  (Session info: chrome=133.0.6943.127)\nBuild info: version: '4.23.0', revision: '4df0a231af'\nSystem info: os.name: 'Windows 11', os.arch: 'amd64', os.version: '10.0', java.version: '22.0.1'\nDriver info: org.openqa.selenium.chrome.ChromeDriver\nCommand: [8c7abcd19829ad93c1800427b5e3cb2b, clickElement {id=f.EB1E9702432E5E62D9780BFF7F177CFB.d.8A4920BD7FAF2BF7897864EBCC547084.e.15}]\nCapabilities {acceptInsecureCerts: false, browserName: chrome, browserVersion: 133.0.6943.127, chrome: {chromedriverVersion: 133.0.6943.126 (cffa127ce7b..., userDataDir: C:\\Users\\vijay\\AppData\\Loca...}, fedcm:accounts: true, goog:chromeOptions: {debuggerAddress: localhost:52654}, networkConnectionEnabled: false, pageLoadStrategy: normal, platformName: windows, proxy: Proxy(), se:cdp: ws://localhost:52654/devtoo..., se:cdpVersion: 133.0.6943.127, setWindowRect: true, strictFileInteractability: false, timeouts: {implicit: 0, pageLoad: 300000, script: 30000}, unhandledPromptBehavior: dismiss and notify, webauthn:extension:credBlob: true, webauthn:extension:largeBlob: true, webauthn:extension:minPinLength: true, webauthn:extension:prf: true, webauthn:virtualAuthenticators: true}\nElement: [[ChromeDriver: chrome on windows (8c7abcd19829ad93c1800427b5e3cb2b)] -> xpath: //span[text()='Program']]\nSession ID: 8c7abcd19829ad93c1800427b5e3cb2b","trace":"org.openqa.selenium.ElementClickInterceptedException: element click intercepted: Element <span class=\"mat-button-wrapper\">...</span> is not clickable at point (1250, 32). Other element would receive the click: <div class=\"cdk-overlay-backdrop cdk-overlay-transparent-backdrop cdk-overlay-backdrop-showing\"></div>\n  (Session info: chrome=133.0.6943.127)\nBuild info: version: '4.23.0', revision: '4df0a231af'\nSystem info: os.name: 'Windows 11', os.arch: 'amd64', os.version: '10.0', java.version: '22.0.1'\nDriver info: org.openqa.selenium.chrome.ChromeDriver\nCommand: [8c7abcd19829ad93c1800427b5e3cb2b, clickElement {id=f.EB1E9702432E5E62D9780BFF7F177CFB.d.8A4920BD7FAF2BF7897864EBCC547084.e.15}]\nCapabilities {acceptInsecureCerts: false, browserName: chrome, browserVersion: 133.0.6943.127, chrome: {chromedriverVersion: 133.0.6943.126 (cffa127ce7b..., userDataDir: C:\\Users\\vijay\\AppData\\Loca...}, fedcm:accounts: true, goog:chromeOptions: {debuggerAddress: localhost:52654}, networkConnectionEnabled: false, pageLoadStrategy: normal, platformName: windows, proxy: Proxy(), se:cdp: ws://localhost:52654/devtoo..., se:cdpVersion: 133.0.6943.127, setWindowRect: true, strictFileInteractability: false, timeouts: {implicit: 0, pageLoad: 300000, script: 30000}, unhandledPromptBehavior: dismiss and notify, webauthn:extension:credBlob: true, webauthn:extension:largeBlob: true, webauthn:extension:minPinLength: true, webauthn:extension:prf: true, webauthn:virtualAuthenticators: true}\nElement: [[ChromeDriver: chrome on windows (8c7abcd19829ad93c1800427b5e3cb2b)] -> xpath: //span[text()='Program']]\nSession ID: 8c7abcd19829ad93c1800427b5e3cb2b\r\n\tat java.base/jdk.internal.reflect.DirectConstructorHandleAccessor.newInstance(DirectConstructorHandleAccessor.java:62)\r\n\tat java.base/java.lang.reflect.Constructor.newInstanceWithCaller(Constructor.java:502)\r\n\tat java.base/java.lang.reflect.Constructor.newInstance(Constructor.java:486)\r\n\tat org.openqa.selenium.remote.ErrorCodec.decode(ErrorCodec.java:167)\r\n\tat org.openqa.selenium.remote.codec.w3c.W3CHttpResponseCodec.decode(W3CHttpResponseCodec.java:138)\r\n\tat org.openqa.selenium.remote.codec.w3c.W3CHttpResponseCodec.decode(W3CHttpResponseCodec.java:50)\r\n\tat org.openqa.selenium.remote.HttpCommandExecutor.execute(HttpCommandExecutor.java:190)\r\n\tat org.openqa.selenium.remote.service.DriverCommandExecutor.invokeExecute(DriverCommandExecutor.java:216)\r\n\tat org.openqa.selenium.remote.service.DriverCommandExecutor.execute(DriverCommandExecutor.java:174)\r\n\tat org.openqa.selenium.remote.RemoteWebDriver.execute(RemoteWebDriver.java:527)\r\n\tat org.openqa.selenium.remote.RemoteWebElement.execute(RemoteWebElement.java:223)\r\n\tat org.openqa.selenium.remote.RemoteWebElement.click(RemoteWebElement.java:76)\r\n\tat pageObjects.ProgramPage.clickProgram(ProgramPage.java:66)\r\n\tat stepDefinitions.Program_NavigationSteps.admin_clicks_on_the_navigation_bar(Program_NavigationSteps.java:32)\r\n\tat ✽.Admin clicks \"Program\" on the navigation bar(file:///C:/Users/vijay/git/Team13_QuantumCoders_LMS_UIHackathon_Feb2025/Team13_QuantumCoders_LMS_UIHackathon_Feb2025/src/test/resources/features/03_02Program_MenuBar.feature:33)\r\n"},"stage":"finished","steps":[{"name":"Given Admin is on program page","status":"passed","statusDetails":{"known":false,"muted":false,"flaky":false},"stage":"finished","steps":[],"attachments":[],"parameters":[],"start":1740365047067,"stop":1740365047067},{"name":"When Admin clicks \"Program\" on the navigation bar","status":"broken","statusDetails":{"known":false,"muted":false,"flaky":false,"message":"element click intercepted: Element <span class=\"mat-button-wrapper\">...</span> is not clickable at point (1250, 32). Other element would receive the click: <div class=\"cdk-overlay-backdrop cdk-overlay-transparent-backdrop cdk-overlay-backdrop-showing\"></div>\n  (Session info: chrome=133.0.6943.127)\nBuild info: version: '4.23.0', revision: '4df0a231af'\nSystem info: os.name: 'Windows 11', os.arch: 'amd64', os.version: '10.0', java.version: '22.0.1'\nDriver info: org.openqa.selenium.chrome.ChromeDriver\nCommand: [8c7abcd19829ad93c1800427b5e3cb2b, clickElement {id=f.EB1E9702432E5E62D9780BFF7F177CFB.d.8A4920BD7FAF2BF7897864EBCC547084.e.15}]\nCapabilities {acceptInsecureCerts: false, browserName: chrome, browserVersion: 133.0.6943.127, chrome: {chromedriverVersion: 133.0.6943.126 (cffa127ce7b..., userDataDir: C:\\Users\\vijay\\AppData\\Loca...}, fedcm:accounts: true, goog:chromeOptions: {debuggerAddress: localhost:52654}, networkConnectionEnabled: false, pageLoadStrategy: normal, platformName: windows, proxy: Proxy(), se:cdp: ws://localhost:52654/devtoo..., se:cdpVersion: 133.0.6943.127, setWindowRect: true, strictFileInteractability: false, timeouts: {implicit: 0, pageLoad: 300000, script: 30000}, unhandledPromptBehavior: dismiss and notify, webauthn:extension:credBlob: true, webauthn:extension:largeBlob: true, webauthn:extension:minPinLength: true, webauthn:extension:prf: true, webauthn:virtualAuthenticators: true}\nElement: [[ChromeDriver: chrome on windows (8c7abcd19829ad93c1800427b5e3cb2b)] -> xpath: //span[text()='Program']]\nSession ID: 8c7abcd19829ad93c1800427b5e3cb2b","trace":"org.openqa.selenium.ElementClickInterceptedException: element click intercepted: Element <span class=\"mat-button-wrapper\">...</span> is not clickable at point (1250, 32). Other element would receive the click: <div class=\"cdk-overlay-backdrop cdk-overlay-transparent-backdrop cdk-overlay-backdrop-showing\"></div>\n  (Session info: chrome=133.0.6943.127)\nBuild info: version: '4.23.0', revision: '4df0a231af'\nSystem info: os.name: 'Windows 11', os.arch: 'amd64', os.version: '10.0', java.version: '22.0.1'\nDriver info: org.openqa.selenium.chrome.ChromeDriver\nCommand: [8c7abcd19829ad93c1800427b5e3cb2b, clickElement {id=f.EB1E9702432E5E62D9780BFF7F177CFB.d.8A4920BD7FAF2BF7897864EBCC547084.e.15}]\nCapabilities {acceptInsecureCerts: false, browserName: chrome, browserVersion: 133.0.6943.127, chrome: {chromedriverVersion: 133.0.6943.126 (cffa127ce7b..., userDataDir: C:\\Users\\vijay\\AppData\\Loca...}, fedcm:accounts: true, goog:chromeOptions: {debuggerAddress: localhost:52654}, networkConnectionEnabled: false, pageLoadStrategy: normal, platformName: windows, proxy: Proxy(), se:cdp: ws://localhost:52654/devtoo..., se:cdpVersion: 133.0.6943.127, setWindowRect: true, strictFileInteractability: false, timeouts: {implicit: 0, pageLoad: 300000, script: 30000}, unhandledPromptBehavior: dismiss and notify, webauthn:extension:credBlob: true, webauthn:extension:largeBlob: true, webauthn:extension:minPinLength: true, webauthn:extension:prf: true, webauthn:virtualAuthenticators: true}\nElement: [[ChromeDriver: chrome on windows (8c7abcd19829ad93c1800427b5e3cb2b)] -> xpath: //span[text()='Program']]\nSession ID: 8c7abcd19829ad93c1800427b5e3cb2b\r\n\tat java.base/jdk.internal.reflect.DirectConstructorHandleAccessor.newInstance(DirectConstructorHandleAccessor.java:62)\r\n\tat java.base/java.lang.reflect.Constructor.newInstanceWithCaller(Constructor.java:502)\r\n\tat java.base/java.lang.reflect.Constructor.newInstance(Constructor.java:486)\r\n\tat org.openqa.selenium.remote.ErrorCodec.decode(ErrorCodec.java:167)\r\n\tat org.openqa.selenium.remote.codec.w3c.W3CHttpResponseCodec.decode(W3CHttpResponseCodec.java:138)\r\n\tat org.openqa.selenium.remote.codec.w3c.W3CHttpResponseCodec.decode(W3CHttpResponseCodec.java:50)\r\n\tat org.openqa.selenium.remote.HttpCommandExecutor.execute(HttpCommandExecutor.java:190)\r\n\tat org.openqa.selenium.remote.service.DriverCommandExecutor.invokeExecute(DriverCommandExecutor.java:216)\r\n\tat org.openqa.selenium.remote.service.DriverCommandExecutor.execute(DriverCommandExecutor.java:174)\r\n\tat org.openqa.selenium.remote.RemoteWebDriver.execute(RemoteWebDriver.java:527)\r\n\tat org.openqa.selenium.remote.RemoteWebElement.execute(RemoteWebElement.java:223)\r\n\tat org.openqa.selenium.remote.RemoteWebElement.click(RemoteWebElement.java:76)\r\n\tat pageObjects.ProgramPage.clickProgram(ProgramPage.java:66)\r\n\tat stepDefinitions.Program_NavigationSteps.admin_clicks_on_the_navigation_bar(Program_NavigationSteps.java:32)\r\n\tat ✽.Admin clicks \"Program\" on the navigation bar(file:///C:/Users/vijay/git/Team13_QuantumCoders_LMS_UIHackathon_Feb2025/Team13_QuantumCoders_LMS_UIHackathon_Feb2025/src/test/resources/features/03_02Program_MenuBar.feature:33)\r\n"},"stage":"finished","steps":[],"attachments":[],"parameters":[],"start":1740365047067,"stop":1740365048190},{"name":"Then Admin should see sub menu in menu bar as \"Add New Program\"","status":"skipped","statusDetails":{"known":false,"muted":false,"flaky":false},"stage":"finished","steps":[],"attachments":[],"parameters":[],"start":1740365048190,"stop":1740365048190}],"attachments":[],"parameters":[],"start":1740365047067,"stop":1740365048442}