{"uuid":"e5f63389-d936-4aae-a337-27094bcd8dac","historyId":"faac7cae50c7fa858d40039d3a89cbdd","testCaseId":"5464ca69f761651ae6783ab9f991c6b9","fullName":"src/test/resources/features/05_04EditNewClass.feature:33","labels":[{"name":"tag","value":"class"},{"name":"host","value":"Debalinas-Air.lan"},{"name":"thread","value":"40790@Debalinas-Air.lan.main(1)"},{"name":"feature","value":"Edit New Class"},{"name":"story","value":"Check if the fields are updated with valid data in Class Module"},{"name":"suite","value":"Edit New Class"},{"name":"testClass","value":"Check if the fields are updated with valid data in Class Module"},{"name":"framework","value":"cucumber4jvm"},{"name":"language","value":"java"},{"name":"gherkin_uri","value":"file:///Users/debalinachakrabarti/git/Team13_QuantumCoders_LMS_UIHackathon_Feb2025/Team13_QuantumCoders_LMS_UIHackathon_Feb2025/src/test/resources/features/05_04EditNewClass.feature"},{"name":"package","value":"src.test.resources.features.05_04EditNewClass_feature.Edit New Class"}],"links":[],"name":"Check if the fields are updated with valid data in Class Module","status":"broken","statusDetails":{"known":false,"muted":false,"flaky":false,"message":"element click intercepted: Element <label _ngcontent-etr-c222=\"\" for=\"classNo\" class=\"requiredSession\">...</label> is not clickable at point (712, 451). Other element would receive the click: <div class=\"ng-trigger ng-trigger-overlayAnimation ng-tns-c92-8 p-datepicker p-component ng-star-inserted\" style=\"z-index: 1002; transform-origin: center bottom; top: 0px; left: 519px;\">...</div>\n  (Session info: chrome=133.0.6943.126)\nBuild info: version: '4.23.0', revision: '4df0a231af'\nSystem info: os.name: 'Mac OS X', os.arch: 'aarch64', os.version: '14.2.1', java.version: '21'\nDriver info: org.openqa.selenium.chrome.ChromeDriver\nCommand: [31f46e28423dd38ecc23ef6d933bc18a, clickElement {id=f.C12997ED147A1D68164393EFE0FC9A40.d.EFCB196C7E083B0A95F2B201122AA129.e.690}]\nCapabilities {acceptInsecureCerts: false, browserName: chrome, browserVersion: 133.0.6943.126, chrome: {chromedriverVersion: 133.0.6943.126 (cffa127ce7b..., userDataDir: /var/folders/g1/bd99g60d6y1...}, fedcm:accounts: true, goog:chromeOptions: {debuggerAddress: localhost:56323}, networkConnectionEnabled: false, pageLoadStrategy: normal, platformName: mac, proxy: Proxy(), se:cdp: ws://localhost:56323/devtoo..., se:cdpVersion: 133.0.6943.126, setWindowRect: true, strictFileInteractability: false, timeouts: {implicit: 0, pageLoad: 300000, script: 30000}, unhandledPromptBehavior: dismiss and notify, webauthn:extension:credBlob: true, webauthn:extension:largeBlob: true, webauthn:extension:minPinLength: true, webauthn:extension:prf: true, webauthn:virtualAuthenticators: true}\nElement: [[ChromeDriver: chrome on mac (31f46e28423dd38ecc23ef6d933bc18a)] -> xpath: //label[contains(text(),'No of Classes')]]\nSession ID: 31f46e28423dd38ecc23ef6d933bc18a","trace":"org.openqa.selenium.ElementClickInterceptedException: element click intercepted: Element <label _ngcontent-etr-c222=\"\" for=\"classNo\" class=\"requiredSession\">...</label> is not clickable at point (712, 451). Other element would receive the click: <div class=\"ng-trigger ng-trigger-overlayAnimation ng-tns-c92-8 p-datepicker p-component ng-star-inserted\" style=\"z-index: 1002; transform-origin: center bottom; top: 0px; left: 519px;\">...</div>\n  (Session info: chrome=133.0.6943.126)\nBuild info: version: '4.23.0', revision: '4df0a231af'\nSystem info: os.name: 'Mac OS X', os.arch: 'aarch64', os.version: '14.2.1', java.version: '21'\nDriver info: org.openqa.selenium.chrome.ChromeDriver\nCommand: [31f46e28423dd38ecc23ef6d933bc18a, clickElement {id=f.C12997ED147A1D68164393EFE0FC9A40.d.EFCB196C7E083B0A95F2B201122AA129.e.690}]\nCapabilities {acceptInsecureCerts: false, browserName: chrome, browserVersion: 133.0.6943.126, chrome: {chromedriverVersion: 133.0.6943.126 (cffa127ce7b..., userDataDir: /var/folders/g1/bd99g60d6y1...}, fedcm:accounts: true, goog:chromeOptions: {debuggerAddress: localhost:56323}, networkConnectionEnabled: false, pageLoadStrategy: normal, platformName: mac, proxy: Proxy(), se:cdp: ws://localhost:56323/devtoo..., se:cdpVersion: 133.0.6943.126, setWindowRect: true, strictFileInteractability: false, timeouts: {implicit: 0, pageLoad: 300000, script: 30000}, unhandledPromptBehavior: dismiss and notify, webauthn:extension:credBlob: true, webauthn:extension:largeBlob: true, webauthn:extension:minPinLength: true, webauthn:extension:prf: true, webauthn:virtualAuthenticators: true}\nElement: [[ChromeDriver: chrome on mac (31f46e28423dd38ecc23ef6d933bc18a)] -> xpath: //label[contains(text(),'No of Classes')]]\nSession ID: 31f46e28423dd38ecc23ef6d933bc18a\n\tat java.base/jdk.internal.reflect.DirectConstructorHandleAccessor.newInstance(DirectConstructorHandleAccessor.java:62)\n\tat java.base/java.lang.reflect.Constructor.newInstanceWithCaller(Constructor.java:502)\n\tat java.base/java.lang.reflect.Constructor.newInstance(Constructor.java:486)\n\tat org.openqa.selenium.remote.ErrorCodec.decode(ErrorCodec.java:167)\n\tat org.openqa.selenium.remote.codec.w3c.W3CHttpResponseCodec.decode(W3CHttpResponseCodec.java:138)\n\tat org.openqa.selenium.remote.codec.w3c.W3CHttpResponseCodec.decode(W3CHttpResponseCodec.java:50)\n\tat org.openqa.selenium.remote.HttpCommandExecutor.execute(HttpCommandExecutor.java:190)\n\tat org.openqa.selenium.remote.service.DriverCommandExecutor.invokeExecute(DriverCommandExecutor.java:216)\n\tat org.openqa.selenium.remote.service.DriverCommandExecutor.execute(DriverCommandExecutor.java:174)\n\tat org.openqa.selenium.remote.RemoteWebDriver.execute(RemoteWebDriver.java:527)\n\tat org.openqa.selenium.remote.RemoteWebElement.execute(RemoteWebElement.java:223)\n\tat org.openqa.selenium.remote.RemoteWebElement.click(RemoteWebElement.java:76)\n\tat pageObjects.ClassPage.selectClassDates(ClassPage.java:422)\n\tat pageObjects.ClassPage.enterClassDetails(ClassPage.java:690)\n\tat stepDefinitions.EditClassSteps.admin_gets_message_and_see_the_updated_values_in_data_table_on_the_class_table(EditClassSteps.java:67)\n\tat ✽.Admin gets message \"class details updated Successfully \" and see the updated values in data table on the Class table from \"Class\" with scenario name \"editClassWithOnlyMandatoryFields\"(file:///Users/debalinachakrabarti/git/Team13_QuantumCoders_LMS_UIHackathon_Feb2025/Team13_QuantumCoders_LMS_UIHackathon_Feb2025/src/test/resources/features/05_04EditNewClass.feature:28)\n"},"stage":"finished","steps":[{"name":"Given Check if Admin is logged in or not for the Class Module","status":"passed","statusDetails":{"known":false,"muted":false,"flaky":false},"stage":"finished","steps":[],"attachments":[],"parameters":[],"start":1740334290700,"stop":1740334292004},{"name":"Then Admin should be on Manage Class Page in Class module","status":"passed","statusDetails":{"known":false,"muted":false,"flaky":false},"stage":"finished","steps":[],"attachments":[],"parameters":[],"start":1740334292004,"stop":1740334292023},{"name":"Given Admin is on the Edit Class Popup window in Class module","status":"passed","statusDetails":{"known":false,"muted":false,"flaky":false},"stage":"finished","steps":[],"attachments":[],"parameters":[],"start":1740334292023,"stop":1740334294123},{"name":"When Admin Update the fields with valid data and click save on the Class PopUp from \"Class\" with scenario name \"editClassWithOnlyMandatoryFields\"","status":"passed","statusDetails":{"known":false,"muted":false,"flaky":false},"stage":"finished","steps":[],"attachments":[],"parameters":[],"start":1740334294124,"stop":1740334294125},{"name":"Then Admin gets message \"class details updated Successfully \" and see the updated values in data table on the Class table from \"Class\" with scenario name \"editClassWithOnlyMandatoryFields\"","status":"broken","statusDetails":{"known":false,"muted":false,"flaky":false,"message":"element click intercepted: Element <label _ngcontent-etr-c222=\"\" for=\"classNo\" class=\"requiredSession\">...</label> is not clickable at point (712, 451). Other element would receive the click: <div class=\"ng-trigger ng-trigger-overlayAnimation ng-tns-c92-8 p-datepicker p-component ng-star-inserted\" style=\"z-index: 1002; transform-origin: center bottom; top: 0px; left: 519px;\">...</div>\n  (Session info: chrome=133.0.6943.126)\nBuild info: version: '4.23.0', revision: '4df0a231af'\nSystem info: os.name: 'Mac OS X', os.arch: 'aarch64', os.version: '14.2.1', java.version: '21'\nDriver info: org.openqa.selenium.chrome.ChromeDriver\nCommand: [31f46e28423dd38ecc23ef6d933bc18a, clickElement {id=f.C12997ED147A1D68164393EFE0FC9A40.d.EFCB196C7E083B0A95F2B201122AA129.e.690}]\nCapabilities {acceptInsecureCerts: false, browserName: chrome, browserVersion: 133.0.6943.126, chrome: {chromedriverVersion: 133.0.6943.126 (cffa127ce7b..., userDataDir: /var/folders/g1/bd99g60d6y1...}, fedcm:accounts: true, goog:chromeOptions: {debuggerAddress: localhost:56323}, networkConnectionEnabled: false, pageLoadStrategy: normal, platformName: mac, proxy: Proxy(), se:cdp: ws://localhost:56323/devtoo..., se:cdpVersion: 133.0.6943.126, setWindowRect: true, strictFileInteractability: false, timeouts: {implicit: 0, pageLoad: 300000, script: 30000}, unhandledPromptBehavior: dismiss and notify, webauthn:extension:credBlob: true, webauthn:extension:largeBlob: true, webauthn:extension:minPinLength: true, webauthn:extension:prf: true, webauthn:virtualAuthenticators: true}\nElement: [[ChromeDriver: chrome on mac (31f46e28423dd38ecc23ef6d933bc18a)] -> xpath: //label[contains(text(),'No of Classes')]]\nSession ID: 31f46e28423dd38ecc23ef6d933bc18a","trace":"org.openqa.selenium.ElementClickInterceptedException: element click intercepted: Element <label _ngcontent-etr-c222=\"\" for=\"classNo\" class=\"requiredSession\">...</label> is not clickable at point (712, 451). Other element would receive the click: <div class=\"ng-trigger ng-trigger-overlayAnimation ng-tns-c92-8 p-datepicker p-component ng-star-inserted\" style=\"z-index: 1002; transform-origin: center bottom; top: 0px; left: 519px;\">...</div>\n  (Session info: chrome=133.0.6943.126)\nBuild info: version: '4.23.0', revision: '4df0a231af'\nSystem info: os.name: 'Mac OS X', os.arch: 'aarch64', os.version: '14.2.1', java.version: '21'\nDriver info: org.openqa.selenium.chrome.ChromeDriver\nCommand: [31f46e28423dd38ecc23ef6d933bc18a, clickElement {id=f.C12997ED147A1D68164393EFE0FC9A40.d.EFCB196C7E083B0A95F2B201122AA129.e.690}]\nCapabilities {acceptInsecureCerts: false, browserName: chrome, browserVersion: 133.0.6943.126, chrome: {chromedriverVersion: 133.0.6943.126 (cffa127ce7b..., userDataDir: /var/folders/g1/bd99g60d6y1...}, fedcm:accounts: true, goog:chromeOptions: {debuggerAddress: localhost:56323}, networkConnectionEnabled: false, pageLoadStrategy: normal, platformName: mac, proxy: Proxy(), se:cdp: ws://localhost:56323/devtoo..., se:cdpVersion: 133.0.6943.126, setWindowRect: true, strictFileInteractability: false, timeouts: {implicit: 0, pageLoad: 300000, script: 30000}, unhandledPromptBehavior: dismiss and notify, webauthn:extension:credBlob: true, webauthn:extension:largeBlob: true, webauthn:extension:minPinLength: true, webauthn:extension:prf: true, webauthn:virtualAuthenticators: true}\nElement: [[ChromeDriver: chrome on mac (31f46e28423dd38ecc23ef6d933bc18a)] -> xpath: //label[contains(text(),'No of Classes')]]\nSession ID: 31f46e28423dd38ecc23ef6d933bc18a\n\tat java.base/jdk.internal.reflect.DirectConstructorHandleAccessor.newInstance(DirectConstructorHandleAccessor.java:62)\n\tat java.base/java.lang.reflect.Constructor.newInstanceWithCaller(Constructor.java:502)\n\tat java.base/java.lang.reflect.Constructor.newInstance(Constructor.java:486)\n\tat org.openqa.selenium.remote.ErrorCodec.decode(ErrorCodec.java:167)\n\tat org.openqa.selenium.remote.codec.w3c.W3CHttpResponseCodec.decode(W3CHttpResponseCodec.java:138)\n\tat org.openqa.selenium.remote.codec.w3c.W3CHttpResponseCodec.decode(W3CHttpResponseCodec.java:50)\n\tat org.openqa.selenium.remote.HttpCommandExecutor.execute(HttpCommandExecutor.java:190)\n\tat org.openqa.selenium.remote.service.DriverCommandExecutor.invokeExecute(DriverCommandExecutor.java:216)\n\tat org.openqa.selenium.remote.service.DriverCommandExecutor.execute(DriverCommandExecutor.java:174)\n\tat org.openqa.selenium.remote.RemoteWebDriver.execute(RemoteWebDriver.java:527)\n\tat org.openqa.selenium.remote.RemoteWebElement.execute(RemoteWebElement.java:223)\n\tat org.openqa.selenium.remote.RemoteWebElement.click(RemoteWebElement.java:76)\n\tat pageObjects.ClassPage.selectClassDates(ClassPage.java:422)\n\tat pageObjects.ClassPage.enterClassDetails(ClassPage.java:690)\n\tat stepDefinitions.EditClassSteps.admin_gets_message_and_see_the_updated_values_in_data_table_on_the_class_table(EditClassSteps.java:67)\n\tat ✽.Admin gets message \"class details updated Successfully \" and see the updated values in data table on the Class table from \"Class\" with scenario name \"editClassWithOnlyMandatoryFields\"(file:///Users/debalinachakrabarti/git/Team13_QuantumCoders_LMS_UIHackathon_Feb2025/Team13_QuantumCoders_LMS_UIHackathon_Feb2025/src/test/resources/features/05_04EditNewClass.feature:28)\n"},"stage":"finished","steps":[],"attachments":[],"parameters":[],"start":1740334294125,"stop":1740334298157}],"attachments":[],"parameters":[{"name":"sheetName","value":"Class"},{"name":"scenarioName","value":"editClassWithOnlyMandatoryFields"}],"start":1740334290698,"stop":1740334298316}