<?xml version="1.0" encoding="UTF-8"?>
<testng-results ignored="0" total="118" passed="99" failed="19" skipped="0">
  <reporter-output>
  </reporter-output>
  <suite started-at="2025-02-24T23:39:21 EST" name="Default suite" finished-at="2025-02-24T23:46:43 EST" duration-ms="442810">
    <groups>
      <group name="cucumber">
        <method signature="AbstractTestNGCucumberTests.runScenario(io.cucumber.testng.PickleWrapper,io.cucumber.testng.FeatureWrapper)[pri:0, instance:runner.TestRunner@3b79fd76]" name="runScenario" class="io.cucumber.testng.AbstractTestNGCucumberTests"/>
      </group> <!-- cucumber -->
    </groups>
    <test started-at="2025-02-24T23:39:21 EST" name="Default test" finished-at="2025-02-24T23:46:43 EST" duration-ms="442810">
      <class name="runner.TestRunner">
        <test-method is-config="true" signature="setUpClass(org.testng.ITestContext)[pri:0, instance:runner.TestRunner@3b79fd76]" started-at="2025-02-24T23:39:21 EST" name="setUpClass" finished-at="2025-02-24T23:39:26 EST" duration-ms="5521" status="PASS">
          <params>
            <param index="0">
              <value>
                <![CDATA[org.testng.TestRunner@33650678]]>
              </value>
            </param>
          </params>
          <reporter-output>
          </reporter-output>
        </test-method> <!-- setUpClass -->
        <test-method signature="runScenario(io.cucumber.testng.PickleWrapper,io.cucumber.testng.FeatureWrapper)[pri:0, instance:runner.TestRunner@3b79fd76]" started-at="2025-02-24T23:39:26 EST" name="runScenario" description="Runs Cucumber Scenarios" data-provider="scenarios" finished-at="2025-02-24T23:39:33 EST" duration-ms="6913" status="PASS">
          <params>
            <param index="0">
              <value>
                <![CDATA["Check invalid login"]]>
              </value>
            </param>
            <param index="1">
              <value>
                <![CDATA["Login"]]>
              </value>
            </param>
          </params>
          <reporter-output>
          </reporter-output>
        </test-method> <!-- runScenario -->
        <test-method signature="runScenario(io.cucumber.testng.PickleWrapper,io.cucumber.testng.FeatureWrapper)[pri:0, instance:runner.TestRunner@3b79fd76]" started-at="2025-02-24T23:39:33 EST" name="runScenario" description="Runs Cucumber Scenarios" data-provider="scenarios" finished-at="2025-02-24T23:39:37 EST" duration-ms="4071" status="PASS">
          <params>
            <param index="0">
              <value>
                <![CDATA["Check invalid login"]]>
              </value>
            </param>
            <param index="1">
              <value>
                <![CDATA["Login"]]>
              </value>
            </param>
          </params>
          <reporter-output>
          </reporter-output>
        </test-method> <!-- runScenario -->
        <test-method signature="runScenario(io.cucumber.testng.PickleWrapper,io.cucumber.testng.FeatureWrapper)[pri:0, instance:runner.TestRunner@3b79fd76]" started-at="2025-02-24T23:39:37 EST" name="runScenario" description="Runs Cucumber Scenarios" data-provider="scenarios" finished-at="2025-02-24T23:39:37 EST" duration-ms="389" status="PASS">
          <params>
            <param index="0">
              <value>
                <![CDATA["Verify Admin is able to land on home page with invalid URL"]]>
              </value>
            </param>
            <param index="1">
              <value>
                <![CDATA["Login"]]>
              </value>
            </param>
          </params>
          <reporter-output>
          </reporter-output>
        </test-method> <!-- runScenario -->
        <test-method signature="runScenario(io.cucumber.testng.PickleWrapper,io.cucumber.testng.FeatureWrapper)[pri:0, instance:runner.TestRunner@3b79fd76]" started-at="2025-02-24T23:39:37 EST" name="runScenario" description="Runs Cucumber Scenarios" data-provider="scenarios" finished-at="2025-02-24T23:39:38 EST" duration-ms="510" status="PASS">
          <params>
            <param index="0">
              <value>
                <![CDATA["Verify the text spelling in the page"]]>
              </value>
            </param>
            <param index="1">
              <value>
                <![CDATA["Login"]]>
              </value>
            </param>
          </params>
          <reporter-output>
          </reporter-output>
        </test-method> <!-- runScenario -->
        <test-method signature="runScenario(io.cucumber.testng.PickleWrapper,io.cucumber.testng.FeatureWrapper)[pri:0, instance:runner.TestRunner@3b79fd76]" started-at="2025-02-24T23:39:38 EST" name="runScenario" description="Runs Cucumber Scenarios" data-provider="scenarios" finished-at="2025-02-24T23:39:48 EST" duration-ms="10350" status="PASS">
          <params>
            <param index="0">
              <value>
                <![CDATA["Verify for broken link"]]>
              </value>
            </param>
            <param index="1">
              <value>
                <![CDATA["Login"]]>
              </value>
            </param>
          </params>
          <reporter-output>
          </reporter-output>
        </test-method> <!-- runScenario -->
        <test-method signature="runScenario(io.cucumber.testng.PickleWrapper,io.cucumber.testng.FeatureWrapper)[pri:0, instance:runner.TestRunner@3b79fd76]" started-at="2025-02-24T23:39:48 EST" name="runScenario" description="Runs Cucumber Scenarios" data-provider="scenarios" finished-at="2025-02-24T23:39:49 EST" duration-ms="375" status="PASS">
          <params>
            <param index="0">
              <value>
                <![CDATA["Verify text field is present"]]>
              </value>
            </param>
            <param index="1">
              <value>
                <![CDATA["Login"]]>
              </value>
            </param>
          </params>
          <reporter-output>
          </reporter-output>
        </test-method> <!-- runScenario -->
        <test-method signature="runScenario(io.cucumber.testng.PickleWrapper,io.cucumber.testng.FeatureWrapper)[pri:0, instance:runner.TestRunner@3b79fd76]" started-at="2025-02-24T23:39:49 EST" name="runScenario" description="Runs Cucumber Scenarios" data-provider="scenarios" finished-at="2025-02-24T23:39:49 EST" duration-ms="315" status="PASS">
          <params>
            <param index="0">
              <value>
                <![CDATA["Verify text on the first field"]]>
              </value>
            </param>
            <param index="1">
              <value>
                <![CDATA["Login"]]>
              </value>
            </param>
          </params>
          <reporter-output>
          </reporter-output>
        </test-method> <!-- runScenario -->
        <test-method signature="runScenario(io.cucumber.testng.PickleWrapper,io.cucumber.testng.FeatureWrapper)[pri:0, instance:runner.TestRunner@3b79fd76]" started-at="2025-02-24T23:39:49 EST" name="runScenario" description="Runs Cucumber Scenarios" data-provider="scenarios" finished-at="2025-02-24T23:39:49 EST" duration-ms="264" status="PASS">
          <params>
            <param index="0">
              <value>
                <![CDATA["Verify text on the second field"]]>
              </value>
            </param>
            <param index="1">
              <value>
                <![CDATA["Login"]]>
              </value>
            </param>
          </params>
          <reporter-output>
          </reporter-output>
        </test-method> <!-- runScenario -->
        <test-method signature="runScenario(io.cucumber.testng.PickleWrapper,io.cucumber.testng.FeatureWrapper)[pri:0, instance:runner.TestRunner@3b79fd76]" started-at="2025-02-24T23:39:49 EST" name="runScenario" description="Runs Cucumber Scenarios" data-provider="scenarios" finished-at="2025-02-24T23:39:50 EST" duration-ms="314" status="PASS">
          <params>
            <param index="0">
              <value>
                <![CDATA["Verify dropdown field is present"]]>
              </value>
            </param>
            <param index="1">
              <value>
                <![CDATA["Login"]]>
              </value>
            </param>
          </params>
          <reporter-output>
          </reporter-output>
        </test-method> <!-- runScenario -->
        <test-method signature="runScenario(io.cucumber.testng.PickleWrapper,io.cucumber.testng.FeatureWrapper)[pri:0, instance:runner.TestRunner@3b79fd76]" started-at="2025-02-24T23:39:50 EST" name="runScenario" description="Runs Cucumber Scenarios" data-provider="scenarios" finished-at="2025-02-24T23:39:50 EST" duration-ms="348" status="PASS">
          <params>
            <param index="0">
              <value>
                <![CDATA["Verify asterisk next to USER text"]]>
              </value>
            </param>
            <param index="1">
              <value>
                <![CDATA["Login"]]>
              </value>
            </param>
          </params>
          <reporter-output>
          </reporter-output>
        </test-method> <!-- runScenario -->
        <test-method signature="runScenario(io.cucumber.testng.PickleWrapper,io.cucumber.testng.FeatureWrapper)[pri:0, instance:runner.TestRunner@3b79fd76]" started-at="2025-02-24T23:39:50 EST" name="runScenario" description="Runs Cucumber Scenarios" data-provider="scenarios" finished-at="2025-02-24T23:39:50 EST" duration-ms="303" status="PASS">
          <params>
            <param index="0">
              <value>
                <![CDATA["Verify asterisk next to USER text"]]>
              </value>
            </param>
            <param index="1">
              <value>
                <![CDATA["Login"]]>
              </value>
            </param>
          </params>
          <reporter-output>
          </reporter-output>
        </test-method> <!-- runScenario -->
        <test-method signature="runScenario(io.cucumber.testng.PickleWrapper,io.cucumber.testng.FeatureWrapper)[pri:0, instance:runner.TestRunner@3b79fd76]" started-at="2025-02-24T23:39:50 EST" name="runScenario" description="Runs Cucumber Scenarios" data-provider="scenarios" finished-at="2025-02-24T23:39:50 EST" duration-ms="245" status="PASS">
          <params>
            <param index="0">
              <value>
                <![CDATA["Verify placeholder in dropdown to select role"]]>
              </value>
            </param>
            <param index="1">
              <value>
                <![CDATA["Login"]]>
              </value>
            </param>
          </params>
          <reporter-output>
          </reporter-output>
        </test-method> <!-- runScenario -->
        <test-method signature="runScenario(io.cucumber.testng.PickleWrapper,io.cucumber.testng.FeatureWrapper)[pri:0, instance:runner.TestRunner@3b79fd76]" started-at="2025-02-24T23:39:51 EST" name="runScenario" description="Runs Cucumber Scenarios" data-provider="scenarios" finished-at="2025-02-24T23:39:51 EST" duration-ms="532" status="PASS">
          <params>
            <param index="0">
              <value>
                <![CDATA["Verify dropdown option to select role"]]>
              </value>
            </param>
            <param index="1">
              <value>
                <![CDATA["Login"]]>
              </value>
            </param>
          </params>
          <reporter-output>
          </reporter-output>
        </test-method> <!-- runScenario -->
        <test-method signature="runScenario(io.cucumber.testng.PickleWrapper,io.cucumber.testng.FeatureWrapper)[pri:0, instance:runner.TestRunner@3b79fd76]" started-at="2025-02-24T23:39:51 EST" name="runScenario" description="Runs Cucumber Scenarios" data-provider="scenarios" finished-at="2025-02-24T23:39:52 EST" duration-ms="588" status="FAIL">
          <params>
            <param index="0">
              <value>
                <![CDATA["Verify the alignment input field for the login"]]>
              </value>
            </param>
            <param index="1">
              <value>
                <![CDATA["Login"]]>
              </value>
            </param>
          </params>
          <exception class="java.lang.AssertionError">
            <message>
              <![CDATA[expected [true] but found [false]]]>
            </message>
            <full-stacktrace>
              <![CDATA[java.lang.AssertionError: expected [true] but found [false]
at org.testng.Assert.fail(Assert.java:111)
at org.testng.Assert.failNotEquals(Assert.java:1578)
at org.testng.Assert.assertTrue(Assert.java:57)
at org.testng.Assert.assertTrue(Assert.java:67)
at stepDefinitions.LoginPageSteps.admin_validates_the_input_field_on_the_centre_of_the_page(LoginPageSteps.java:148)
at ✽.Admin validates the input field on the centre of the page(file:///C:/Users/vijay/git/Team13_QuantumCoders_LMS_UIHackathon_Feb2025/Team13_QuantumCoders_LMS_UIHackathon_Feb2025/src/test/resources/features/01_01Login.feature:82)
]]>
            </full-stacktrace>
          </exception> <!-- java.lang.AssertionError -->
          <reporter-output>
          </reporter-output>
        </test-method> <!-- runScenario -->
        <test-method signature="runScenario(io.cucumber.testng.PickleWrapper,io.cucumber.testng.FeatureWrapper)[pri:0, instance:runner.TestRunner@3b79fd76]" started-at="2025-02-24T23:39:52 EST" name="runScenario" description="Runs Cucumber Scenarios" data-provider="scenarios" finished-at="2025-02-24T23:39:56 EST" duration-ms="4242" status="PASS">
          <params>
            <param index="0">
              <value>
                <![CDATA["Verify Admin is able to land on login page"]]>
              </value>
            </param>
            <param index="1">
              <value>
                <![CDATA["Login"]]>
              </value>
            </param>
          </params>
          <reporter-output>
          </reporter-output>
        </test-method> <!-- runScenario -->
        <test-method signature="runScenario(io.cucumber.testng.PickleWrapper,io.cucumber.testng.FeatureWrapper)[pri:0, instance:runner.TestRunner@3b79fd76]" started-at="2025-02-24T23:39:56 EST" name="runScenario" description="Runs Cucumber Scenarios" data-provider="scenarios" finished-at="2025-02-24T23:40:00 EST" duration-ms="4302" status="PASS">
          <params>
            <param index="0">
              <value>
                <![CDATA["Validate login with valid credentials"]]>
              </value>
            </param>
            <param index="1">
              <value>
                <![CDATA["Login"]]>
              </value>
            </param>
          </params>
          <reporter-output>
          </reporter-output>
        </test-method> <!-- runScenario -->
        <test-method signature="runScenario(io.cucumber.testng.PickleWrapper,io.cucumber.testng.FeatureWrapper)[pri:0, instance:runner.TestRunner@3b79fd76]" started-at="2025-02-24T23:40:00 EST" name="runScenario" description="Runs Cucumber Scenarios" data-provider="scenarios" finished-at="2025-02-24T23:40:05 EST" duration-ms="4410" status="PASS">
          <params>
            <param index="0">
              <value>
                <![CDATA["Verify Admin is able to land on Home page"]]>
              </value>
            </param>
            <param index="1">
              <value>
                <![CDATA["Scenarios related to Home Page functionality"]]>
              </value>
            </param>
          </params>
          <reporter-output>
          </reporter-output>
        </test-method> <!-- runScenario -->
        <test-method signature="runScenario(io.cucumber.testng.PickleWrapper,io.cucumber.testng.FeatureWrapper)[pri:0, instance:runner.TestRunner@3b79fd76]" started-at="2025-02-24T23:40:05 EST" name="runScenario" description="Runs Cucumber Scenarios" data-provider="scenarios" finished-at="2025-02-24T23:40:15 EST" duration-ms="10478" status="FAIL">
          <params>
            <param index="0">
              <value>
                <![CDATA["Validate navigation bar text on Home Page"]]>
              </value>
            </param>
            <param index="1">
              <value>
                <![CDATA["Scenarios related to Home Page functionality"]]>
              </value>
            </param>
          </params>
          <exception class="org.openqa.selenium.NoSuchElementException">
            <message>
              <![CDATA[no such element: Unable to locate element: {"method":"xpath","selector":"//button[@id='login']"}
  (Session info: chrome=133.0.6943.127)
For documentation on this error, please visit: https://www.selenium.dev/documentation/webdriver/troubleshooting/errors#no-such-element-exception
Build info: version: '4.23.0', revision: '4df0a231af'
System info: os.name: 'Windows 11', os.arch: 'amd64', os.version: '10.0', java.version: '22.0.1'
Driver info: org.openqa.selenium.chrome.ChromeDriver
Command: [996c6b8d6c53e550812263e6e41999b7, findElement {using=xpath, value=//button[@id='login']}]
Capabilities {acceptInsecureCerts: false, browserName: chrome, browserVersion: 133.0.6943.127, chrome: {chromedriverVersion: 133.0.6943.126 (cffa127ce7b..., userDataDir: C:\Users\vijay\AppData\Loca...}, fedcm:accounts: true, goog:chromeOptions: {debuggerAddress: localhost:55008}, networkConnectionEnabled: false, pageLoadStrategy: normal, platformName: windows, proxy: Proxy(), se:cdp: ws://localhost:55008/devtoo..., se:cdpVersion: 133.0.6943.127, setWindowRect: true, strictFileInteractability: false, timeouts: {implicit: 0, pageLoad: 300000, script: 30000}, unhandledPromptBehavior: dismiss and notify, webauthn:extension:credBlob: true, webauthn:extension:largeBlob: true, webauthn:extension:minPinLength: true, webauthn:extension:prf: true, webauthn:virtualAuthenticators: true}
Session ID: 996c6b8d6c53e550812263e6e41999b7]]>
            </message>
            <full-stacktrace>
              <![CDATA[org.openqa.selenium.NoSuchElementException: no such element: Unable to locate element: {"method":"xpath","selector":"//button[@id='login']"}
  (Session info: chrome=133.0.6943.127)
For documentation on this error, please visit: https://www.selenium.dev/documentation/webdriver/troubleshooting/errors#no-such-element-exception
Build info: version: '4.23.0', revision: '4df0a231af'
System info: os.name: 'Windows 11', os.arch: 'amd64', os.version: '10.0', java.version: '22.0.1'
Driver info: org.openqa.selenium.chrome.ChromeDriver
Command: [996c6b8d6c53e550812263e6e41999b7, findElement {using=xpath, value=//button[@id='login']}]
Capabilities {acceptInsecureCerts: false, browserName: chrome, browserVersion: 133.0.6943.127, chrome: {chromedriverVersion: 133.0.6943.126 (cffa127ce7b..., userDataDir: C:\Users\vijay\AppData\Loca...}, fedcm:accounts: true, goog:chromeOptions: {debuggerAddress: localhost:55008}, networkConnectionEnabled: false, pageLoadStrategy: normal, platformName: windows, proxy: Proxy(), se:cdp: ws://localhost:55008/devtoo..., se:cdpVersion: 133.0.6943.127, setWindowRect: true, strictFileInteractability: false, timeouts: {implicit: 0, pageLoad: 300000, script: 30000}, unhandledPromptBehavior: dismiss and notify, webauthn:extension:credBlob: true, webauthn:extension:largeBlob: true, webauthn:extension:minPinLength: true, webauthn:extension:prf: true, webauthn:virtualAuthenticators: true}
Session ID: 996c6b8d6c53e550812263e6e41999b7
at java.base/jdk.internal.reflect.DirectConstructorHandleAccessor.newInstance(DirectConstructorHandleAccessor.java:62)
at java.base/java.lang.reflect.Constructor.newInstanceWithCaller(Constructor.java:502)
at java.base/java.lang.reflect.Constructor.newInstance(Constructor.java:486)
at org.openqa.selenium.remote.ErrorCodec.decode(ErrorCodec.java:167)
at org.openqa.selenium.remote.codec.w3c.W3CHttpResponseCodec.decode(W3CHttpResponseCodec.java:138)
at org.openqa.selenium.remote.codec.w3c.W3CHttpResponseCodec.decode(W3CHttpResponseCodec.java:50)
at org.openqa.selenium.remote.HttpCommandExecutor.execute(HttpCommandExecutor.java:190)
at org.openqa.selenium.remote.service.DriverCommandExecutor.invokeExecute(DriverCommandExecutor.java:216)
at org.openqa.selenium.remote.service.DriverCommandExecutor.execute(DriverCommandExecutor.java:174)
at org.openqa.selenium.remote.RemoteWebDriver.execute(RemoteWebDriver.java:527)
at org.openqa.selenium.remote.ElementLocation$ElementFinder$2.findElement(ElementLocation.java:165)
at org.openqa.selenium.remote.ElementLocation.findElement(ElementLocation.java:59)
at org.openqa.selenium.remote.RemoteWebDriver.findElement(RemoteWebDriver.java:357)
at org.openqa.selenium.remote.RemoteWebDriver.findElement(RemoteWebDriver.java:351)
at pageObjects.LoginPage.getLoginButton(LoginPage.java:143)
at stepDefinitions.LoginPageSteps.admin_should_land_on_login_page(LoginPageSteps.java:57)
at ✽.Admin should land on login page(file:///C:/Users/vijay/git/Team13_QuantumCoders_LMS_UIHackathon_Feb2025/Team13_QuantumCoders_LMS_UIHackathon_Feb2025/src/test/resources/features/02_01Home.feature:17)
]]>
            </full-stacktrace>
          </exception> <!-- org.openqa.selenium.NoSuchElementException -->
          <reporter-output>
          </reporter-output>
        </test-method> <!-- runScenario -->
        <test-method signature="runScenario(io.cucumber.testng.PickleWrapper,io.cucumber.testng.FeatureWrapper)[pri:0, instance:runner.TestRunner@3b79fd76]" started-at="2025-02-24T23:40:15 EST" name="runScenario" description="Runs Cucumber Scenarios" data-provider="scenarios" finished-at="2025-02-24T23:40:26 EST" duration-ms="10495" status="FAIL">
          <params>
            <param index="0">
              <value>
                <![CDATA["Validate navigation bar text on Home Page"]]>
              </value>
            </param>
            <param index="1">
              <value>
                <![CDATA["Scenarios related to Home Page functionality"]]>
              </value>
            </param>
          </params>
          <exception class="org.openqa.selenium.NoSuchElementException">
            <message>
              <![CDATA[no such element: Unable to locate element: {"method":"xpath","selector":"//button[@id='login']"}
  (Session info: chrome=133.0.6943.127)
For documentation on this error, please visit: https://www.selenium.dev/documentation/webdriver/troubleshooting/errors#no-such-element-exception
Build info: version: '4.23.0', revision: '4df0a231af'
System info: os.name: 'Windows 11', os.arch: 'amd64', os.version: '10.0', java.version: '22.0.1'
Driver info: org.openqa.selenium.chrome.ChromeDriver
Command: [996c6b8d6c53e550812263e6e41999b7, findElement {using=xpath, value=//button[@id='login']}]
Capabilities {acceptInsecureCerts: false, browserName: chrome, browserVersion: 133.0.6943.127, chrome: {chromedriverVersion: 133.0.6943.126 (cffa127ce7b..., userDataDir: C:\Users\vijay\AppData\Loca...}, fedcm:accounts: true, goog:chromeOptions: {debuggerAddress: localhost:55008}, networkConnectionEnabled: false, pageLoadStrategy: normal, platformName: windows, proxy: Proxy(), se:cdp: ws://localhost:55008/devtoo..., se:cdpVersion: 133.0.6943.127, setWindowRect: true, strictFileInteractability: false, timeouts: {implicit: 0, pageLoad: 300000, script: 30000}, unhandledPromptBehavior: dismiss and notify, webauthn:extension:credBlob: true, webauthn:extension:largeBlob: true, webauthn:extension:minPinLength: true, webauthn:extension:prf: true, webauthn:virtualAuthenticators: true}
Session ID: 996c6b8d6c53e550812263e6e41999b7]]>
            </message>
            <full-stacktrace>
              <![CDATA[org.openqa.selenium.NoSuchElementException: no such element: Unable to locate element: {"method":"xpath","selector":"//button[@id='login']"}
  (Session info: chrome=133.0.6943.127)
For documentation on this error, please visit: https://www.selenium.dev/documentation/webdriver/troubleshooting/errors#no-such-element-exception
Build info: version: '4.23.0', revision: '4df0a231af'
System info: os.name: 'Windows 11', os.arch: 'amd64', os.version: '10.0', java.version: '22.0.1'
Driver info: org.openqa.selenium.chrome.ChromeDriver
Command: [996c6b8d6c53e550812263e6e41999b7, findElement {using=xpath, value=//button[@id='login']}]
Capabilities {acceptInsecureCerts: false, browserName: chrome, browserVersion: 133.0.6943.127, chrome: {chromedriverVersion: 133.0.6943.126 (cffa127ce7b..., userDataDir: C:\Users\vijay\AppData\Loca...}, fedcm:accounts: true, goog:chromeOptions: {debuggerAddress: localhost:55008}, networkConnectionEnabled: false, pageLoadStrategy: normal, platformName: windows, proxy: Proxy(), se:cdp: ws://localhost:55008/devtoo..., se:cdpVersion: 133.0.6943.127, setWindowRect: true, strictFileInteractability: false, timeouts: {implicit: 0, pageLoad: 300000, script: 30000}, unhandledPromptBehavior: dismiss and notify, webauthn:extension:credBlob: true, webauthn:extension:largeBlob: true, webauthn:extension:minPinLength: true, webauthn:extension:prf: true, webauthn:virtualAuthenticators: true}
Session ID: 996c6b8d6c53e550812263e6e41999b7
at java.base/jdk.internal.reflect.DirectConstructorHandleAccessor.newInstance(DirectConstructorHandleAccessor.java:62)
at java.base/java.lang.reflect.Constructor.newInstanceWithCaller(Constructor.java:502)
at java.base/java.lang.reflect.Constructor.newInstance(Constructor.java:486)
at org.openqa.selenium.remote.ErrorCodec.decode(ErrorCodec.java:167)
at org.openqa.selenium.remote.codec.w3c.W3CHttpResponseCodec.decode(W3CHttpResponseCodec.java:138)
at org.openqa.selenium.remote.codec.w3c.W3CHttpResponseCodec.decode(W3CHttpResponseCodec.java:50)
at org.openqa.selenium.remote.HttpCommandExecutor.execute(HttpCommandExecutor.java:190)
at org.openqa.selenium.remote.service.DriverCommandExecutor.invokeExecute(DriverCommandExecutor.java:216)
at org.openqa.selenium.remote.service.DriverCommandExecutor.execute(DriverCommandExecutor.java:174)
at org.openqa.selenium.remote.RemoteWebDriver.execute(RemoteWebDriver.java:527)
at org.openqa.selenium.remote.ElementLocation$ElementFinder$2.findElement(ElementLocation.java:165)
at org.openqa.selenium.remote.ElementLocation.findElement(ElementLocation.java:59)
at org.openqa.selenium.remote.RemoteWebDriver.findElement(RemoteWebDriver.java:357)
at org.openqa.selenium.remote.RemoteWebDriver.findElement(RemoteWebDriver.java:351)
at pageObjects.LoginPage.getLoginButton(LoginPage.java:143)
at stepDefinitions.LoginPageSteps.admin_should_land_on_login_page(LoginPageSteps.java:57)
at ✽.Admin should land on login page(file:///C:/Users/vijay/git/Team13_QuantumCoders_LMS_UIHackathon_Feb2025/Team13_QuantumCoders_LMS_UIHackathon_Feb2025/src/test/resources/features/02_01Home.feature:28)
]]>
            </full-stacktrace>
          </exception> <!-- org.openqa.selenium.NoSuchElementException -->
          <reporter-output>
          </reporter-output>
        </test-method> <!-- runScenario -->
        <test-method signature="runScenario(io.cucumber.testng.PickleWrapper,io.cucumber.testng.FeatureWrapper)[pri:0, instance:runner.TestRunner@3b79fd76]" started-at="2025-02-24T23:40:26 EST" name="runScenario" description="Runs Cucumber Scenarios" data-provider="scenarios" finished-at="2025-02-24T23:40:27 EST" duration-ms="1201" status="PASS">
          <params>
            <param index="0">
              <value>
                <![CDATA["Verify that Admin is able to navigate to Program page"]]>
              </value>
            </param>
            <param index="1">
              <value>
                <![CDATA["Program Navigation Feature"]]>
              </value>
            </param>
          </params>
          <reporter-output>
          </reporter-output>
        </test-method> <!-- runScenario -->
        <test-method signature="runScenario(io.cucumber.testng.PickleWrapper,io.cucumber.testng.FeatureWrapper)[pri:0, instance:runner.TestRunner@3b79fd76]" started-at="2025-02-24T23:40:27 EST" name="runScenario" description="Runs Cucumber Scenarios" data-provider="scenarios" finished-at="2025-02-24T23:40:38 EST" duration-ms="11542" status="FAIL">
          <params>
            <param index="0">
              <value>
                <![CDATA["Validate login with valid credentials"]]>
              </value>
            </param>
            <param index="1">
              <value>
                <![CDATA["Program Menubar feature"]]>
              </value>
            </param>
          </params>
          <exception class="org.openqa.selenium.NoSuchElementException">
            <message>
              <![CDATA[no such element: Unable to locate element: {"method":"xpath","selector":"//input[@id='username']"}
  (Session info: chrome=133.0.6943.127)
For documentation on this error, please visit: https://www.selenium.dev/documentation/webdriver/troubleshooting/errors#no-such-element-exception
Build info: version: '4.23.0', revision: '4df0a231af'
System info: os.name: 'Windows 11', os.arch: 'amd64', os.version: '10.0', java.version: '22.0.1'
Driver info: org.openqa.selenium.chrome.ChromeDriver
Command: [996c6b8d6c53e550812263e6e41999b7, findElement {using=xpath, value=//input[@id='username']}]
Capabilities {acceptInsecureCerts: false, browserName: chrome, browserVersion: 133.0.6943.127, chrome: {chromedriverVersion: 133.0.6943.126 (cffa127ce7b..., userDataDir: C:\Users\vijay\AppData\Loca...}, fedcm:accounts: true, goog:chromeOptions: {debuggerAddress: localhost:55008}, networkConnectionEnabled: false, pageLoadStrategy: normal, platformName: windows, proxy: Proxy(), se:cdp: ws://localhost:55008/devtoo..., se:cdpVersion: 133.0.6943.127, setWindowRect: true, strictFileInteractability: false, timeouts: {implicit: 0, pageLoad: 300000, script: 30000}, unhandledPromptBehavior: dismiss and notify, webauthn:extension:credBlob: true, webauthn:extension:largeBlob: true, webauthn:extension:minPinLength: true, webauthn:extension:prf: true, webauthn:virtualAuthenticators: true}
Session ID: 996c6b8d6c53e550812263e6e41999b7]]>
            </message>
            <full-stacktrace>
              <![CDATA[org.openqa.selenium.NoSuchElementException: no such element: Unable to locate element: {"method":"xpath","selector":"//input[@id='username']"}
  (Session info: chrome=133.0.6943.127)
For documentation on this error, please visit: https://www.selenium.dev/documentation/webdriver/troubleshooting/errors#no-such-element-exception
Build info: version: '4.23.0', revision: '4df0a231af'
System info: os.name: 'Windows 11', os.arch: 'amd64', os.version: '10.0', java.version: '22.0.1'
Driver info: org.openqa.selenium.chrome.ChromeDriver
Command: [996c6b8d6c53e550812263e6e41999b7, findElement {using=xpath, value=//input[@id='username']}]
Capabilities {acceptInsecureCerts: false, browserName: chrome, browserVersion: 133.0.6943.127, chrome: {chromedriverVersion: 133.0.6943.126 (cffa127ce7b..., userDataDir: C:\Users\vijay\AppData\Loca...}, fedcm:accounts: true, goog:chromeOptions: {debuggerAddress: localhost:55008}, networkConnectionEnabled: false, pageLoadStrategy: normal, platformName: windows, proxy: Proxy(), se:cdp: ws://localhost:55008/devtoo..., se:cdpVersion: 133.0.6943.127, setWindowRect: true, strictFileInteractability: false, timeouts: {implicit: 0, pageLoad: 300000, script: 30000}, unhandledPromptBehavior: dismiss and notify, webauthn:extension:credBlob: true, webauthn:extension:largeBlob: true, webauthn:extension:minPinLength: true, webauthn:extension:prf: true, webauthn:virtualAuthenticators: true}
Session ID: 996c6b8d6c53e550812263e6e41999b7
at java.base/jdk.internal.reflect.DirectConstructorHandleAccessor.newInstance(DirectConstructorHandleAccessor.java:62)
at java.base/java.lang.reflect.Constructor.newInstanceWithCaller(Constructor.java:502)
at java.base/java.lang.reflect.Constructor.newInstance(Constructor.java:486)
at org.openqa.selenium.remote.ErrorCodec.decode(ErrorCodec.java:167)
at org.openqa.selenium.remote.codec.w3c.W3CHttpResponseCodec.decode(W3CHttpResponseCodec.java:138)
at org.openqa.selenium.remote.codec.w3c.W3CHttpResponseCodec.decode(W3CHttpResponseCodec.java:50)
at org.openqa.selenium.remote.HttpCommandExecutor.execute(HttpCommandExecutor.java:190)
at org.openqa.selenium.remote.service.DriverCommandExecutor.invokeExecute(DriverCommandExecutor.java:216)
at org.openqa.selenium.remote.service.DriverCommandExecutor.execute(DriverCommandExecutor.java:174)
at org.openqa.selenium.remote.RemoteWebDriver.execute(RemoteWebDriver.java:527)
at org.openqa.selenium.remote.ElementLocation$ElementFinder$2.findElement(ElementLocation.java:165)
at org.openqa.selenium.remote.ElementLocation.findElement(ElementLocation.java:59)
at org.openqa.selenium.remote.RemoteWebDriver.findElement(RemoteWebDriver.java:357)
at org.openqa.selenium.remote.RemoteWebDriver.findElement(RemoteWebDriver.java:351)
at pageObjects.LoginPage.clicklogin(LoginPage.java:121)
at stepDefinitions.LoginPageSteps.admin_enter_valid_credentials_with_and_and_clicks_login_button_in_login_module(LoginPageSteps.java:39)
at ✽.Admin enter valid  credentials with "Login" and "LoginWithValidCredentials" and clicks login button in login module.(file:///C:/Users/vijay/git/Team13_QuantumCoders_LMS_UIHackathon_Feb2025/Team13_QuantumCoders_LMS_UIHackathon_Feb2025/src/test/resources/features/03_02Program_MenuBar.feature:6)
]]>
            </full-stacktrace>
          </exception> <!-- org.openqa.selenium.NoSuchElementException -->
          <reporter-output>
          </reporter-output>
        </test-method> <!-- runScenario -->
        <test-method signature="runScenario(io.cucumber.testng.PickleWrapper,io.cucumber.testng.FeatureWrapper)[pri:0, instance:runner.TestRunner@3b79fd76]" started-at="2025-02-24T23:40:38 EST" name="runScenario" description="Runs Cucumber Scenarios" data-provider="scenarios" finished-at="2025-02-24T23:40:40 EST" duration-ms="1475" status="PASS">
          <params>
            <param index="0">
              <value>
                <![CDATA["Verify Logout displayed in menu bar"]]>
              </value>
            </param>
            <param index="1">
              <value>
                <![CDATA["Program Menubar feature"]]>
              </value>
            </param>
          </params>
          <reporter-output>
          </reporter-output>
        </test-method> <!-- runScenario -->
        <test-method signature="runScenario(io.cucumber.testng.PickleWrapper,io.cucumber.testng.FeatureWrapper)[pri:0, instance:runner.TestRunner@3b79fd76]" started-at="2025-02-24T23:40:40 EST" name="runScenario" description="Runs Cucumber Scenarios" data-provider="scenarios" finished-at="2025-02-24T23:40:41 EST" duration-ms="1339" status="PASS">
          <params>
            <param index="0">
              <value>
                <![CDATA["Verify heading in menu bar"]]>
              </value>
            </param>
            <param index="1">
              <value>
                <![CDATA["Program Menubar feature"]]>
              </value>
            </param>
          </params>
          <reporter-output>
          </reporter-output>
        </test-method> <!-- runScenario -->
        <test-method signature="runScenario(io.cucumber.testng.PickleWrapper,io.cucumber.testng.FeatureWrapper)[pri:0, instance:runner.TestRunner@3b79fd76]" started-at="2025-02-24T23:40:41 EST" name="runScenario" description="Runs Cucumber Scenarios" data-provider="scenarios" finished-at="2025-02-24T23:40:42 EST" duration-ms="1167" status="PASS">
          <params>
            <param index="0">
              <value>
                <![CDATA["Verify sub menu displayed in program menu bar"]]>
              </value>
            </param>
            <param index="1">
              <value>
                <![CDATA["Program Menubar feature"]]>
              </value>
            </param>
          </params>
          <reporter-output>
          </reporter-output>
        </test-method> <!-- runScenario -->
        <test-method signature="runScenario(io.cucumber.testng.PickleWrapper,io.cucumber.testng.FeatureWrapper)[pri:0, instance:runner.TestRunner@3b79fd76]" started-at="2025-02-24T23:40:42 EST" name="runScenario" description="Runs Cucumber Scenarios" data-provider="scenarios" finished-at="2025-02-24T23:40:45 EST" duration-ms="2244" status="FAIL">
          <params>
            <param index="0">
              <value>
                <![CDATA["Verify heading in manage program"]]>
              </value>
            </param>
            <param index="1">
              <value>
                <![CDATA["Program Validation feature"]]>
              </value>
            </param>
          </params>
          <exception class="org.openqa.selenium.ElementClickInterceptedException">
            <message>
              <![CDATA[element click intercepted: Element <span class="mat-button-wrapper">...</span> is not clickable at point (1250, 32). Other element would receive the click: <div class="cdk-overlay-backdrop cdk-overlay-transparent-backdrop cdk-overlay-backdrop-showing"></div>
  (Session info: chrome=133.0.6943.127)
Build info: version: '4.23.0', revision: '4df0a231af'
System info: os.name: 'Windows 11', os.arch: 'amd64', os.version: '10.0', java.version: '22.0.1'
Driver info: org.openqa.selenium.chrome.ChromeDriver
Command: [996c6b8d6c53e550812263e6e41999b7, clickElement {id=f.4ABA9128F17DDC45E7FFF4CF4CA43EBC.d.BF6B3C3AD3FD6440FB81EED6C031453D.e.5554}]
Capabilities {acceptInsecureCerts: false, browserName: chrome, browserVersion: 133.0.6943.127, chrome: {chromedriverVersion: 133.0.6943.126 (cffa127ce7b..., userDataDir: C:\Users\vijay\AppData\Loca...}, fedcm:accounts: true, goog:chromeOptions: {debuggerAddress: localhost:55008}, networkConnectionEnabled: false, pageLoadStrategy: normal, platformName: windows, proxy: Proxy(), se:cdp: ws://localhost:55008/devtoo..., se:cdpVersion: 133.0.6943.127, setWindowRect: true, strictFileInteractability: false, timeouts: {implicit: 0, pageLoad: 300000, script: 30000}, unhandledPromptBehavior: dismiss and notify, webauthn:extension:credBlob: true, webauthn:extension:largeBlob: true, webauthn:extension:minPinLength: true, webauthn:extension:prf: true, webauthn:virtualAuthenticators: true}
Element: [[ChromeDriver: chrome on windows (996c6b8d6c53e550812263e6e41999b7)] -> xpath: //span[text()='Program']]
Session ID: 996c6b8d6c53e550812263e6e41999b7]]>
            </message>
            <full-stacktrace>
              <![CDATA[org.openqa.selenium.ElementClickInterceptedException: element click intercepted: Element <span class="mat-button-wrapper">...</span> is not clickable at point (1250, 32). Other element would receive the click: <div class="cdk-overlay-backdrop cdk-overlay-transparent-backdrop cdk-overlay-backdrop-showing"></div>
  (Session info: chrome=133.0.6943.127)
Build info: version: '4.23.0', revision: '4df0a231af'
System info: os.name: 'Windows 11', os.arch: 'amd64', os.version: '10.0', java.version: '22.0.1'
Driver info: org.openqa.selenium.chrome.ChromeDriver
Command: [996c6b8d6c53e550812263e6e41999b7, clickElement {id=f.4ABA9128F17DDC45E7FFF4CF4CA43EBC.d.BF6B3C3AD3FD6440FB81EED6C031453D.e.5554}]
Capabilities {acceptInsecureCerts: false, browserName: chrome, browserVersion: 133.0.6943.127, chrome: {chromedriverVersion: 133.0.6943.126 (cffa127ce7b..., userDataDir: C:\Users\vijay\AppData\Loca...}, fedcm:accounts: true, goog:chromeOptions: {debuggerAddress: localhost:55008}, networkConnectionEnabled: false, pageLoadStrategy: normal, platformName: windows, proxy: Proxy(), se:cdp: ws://localhost:55008/devtoo..., se:cdpVersion: 133.0.6943.127, setWindowRect: true, strictFileInteractability: false, timeouts: {implicit: 0, pageLoad: 300000, script: 30000}, unhandledPromptBehavior: dismiss and notify, webauthn:extension:credBlob: true, webauthn:extension:largeBlob: true, webauthn:extension:minPinLength: true, webauthn:extension:prf: true, webauthn:virtualAuthenticators: true}
Element: [[ChromeDriver: chrome on windows (996c6b8d6c53e550812263e6e41999b7)] -> xpath: //span[text()='Program']]
Session ID: 996c6b8d6c53e550812263e6e41999b7
at java.base/jdk.internal.reflect.DirectConstructorHandleAccessor.newInstance(DirectConstructorHandleAccessor.java:62)
at java.base/java.lang.reflect.Constructor.newInstanceWithCaller(Constructor.java:502)
at java.base/java.lang.reflect.Constructor.newInstance(Constructor.java:486)
at org.openqa.selenium.remote.ErrorCodec.decode(ErrorCodec.java:167)
at org.openqa.selenium.remote.codec.w3c.W3CHttpResponseCodec.decode(W3CHttpResponseCodec.java:138)
at org.openqa.selenium.remote.codec.w3c.W3CHttpResponseCodec.decode(W3CHttpResponseCodec.java:50)
at org.openqa.selenium.remote.HttpCommandExecutor.execute(HttpCommandExecutor.java:190)
at org.openqa.selenium.remote.service.DriverCommandExecutor.invokeExecute(DriverCommandExecutor.java:216)
at org.openqa.selenium.remote.service.DriverCommandExecutor.execute(DriverCommandExecutor.java:174)
at org.openqa.selenium.remote.RemoteWebDriver.execute(RemoteWebDriver.java:527)
at org.openqa.selenium.remote.RemoteWebElement.execute(RemoteWebElement.java:223)
at org.openqa.selenium.remote.RemoteWebElement.click(RemoteWebElement.java:76)
at pageObjects.ProgramPage.clickProgram(ProgramPage.java:65)
at stepDefinitions.Program_NavigationSteps.admin_clicks_on_the_navigation_bar(Program_NavigationSteps.java:32)
at ✽.Admin clicks "Program" on the navigation bar(file:///C:/Users/vijay/git/Team13_QuantumCoders_LMS_UIHackathon_Feb2025/Team13_QuantumCoders_LMS_UIHackathon_Feb2025/src/test/resources/features/03_03ProgramPage_Validation.feature:16)
]]>
            </full-stacktrace>
          </exception> <!-- org.openqa.selenium.ElementClickInterceptedException -->
          <reporter-output>
          </reporter-output>
        </test-method> <!-- runScenario -->
        <test-method signature="runScenario(io.cucumber.testng.PickleWrapper,io.cucumber.testng.FeatureWrapper)[pri:0, instance:runner.TestRunner@3b79fd76]" started-at="2025-02-24T23:40:45 EST" name="runScenario" description="Runs Cucumber Scenarios" data-provider="scenarios" finished-at="2025-02-24T23:40:45 EST" duration-ms="46" status="PASS">
          <params>
            <param index="0">
              <value>
                <![CDATA["Verify view details of programs"]]>
              </value>
            </param>
            <param index="1">
              <value>
                <![CDATA["Program Validation feature"]]>
              </value>
            </param>
          </params>
          <reporter-output>
          </reporter-output>
        </test-method> <!-- runScenario -->
        <test-method signature="runScenario(io.cucumber.testng.PickleWrapper,io.cucumber.testng.FeatureWrapper)[pri:0, instance:runner.TestRunner@3b79fd76]" started-at="2025-02-24T23:40:45 EST" name="runScenario" description="Runs Cucumber Scenarios" data-provider="scenarios" finished-at="2025-02-24T23:40:45 EST" duration-ms="52" status="PASS">
          <params>
            <param index="0">
              <value>
                <![CDATA["Verify the Multiple Delete button state"]]>
              </value>
            </param>
            <param index="1">
              <value>
                <![CDATA["Program Validation feature"]]>
              </value>
            </param>
          </params>
          <reporter-output>
          </reporter-output>
        </test-method> <!-- runScenario -->
        <test-method signature="runScenario(io.cucumber.testng.PickleWrapper,io.cucumber.testng.FeatureWrapper)[pri:0, instance:runner.TestRunner@3b79fd76]" started-at="2025-02-24T23:40:45 EST" name="runScenario" description="Runs Cucumber Scenarios" data-provider="scenarios" finished-at="2025-02-24T23:40:45 EST" duration-ms="48" status="PASS">
          <params>
            <param index="0">
              <value>
                <![CDATA["Verify the Search button"]]>
              </value>
            </param>
            <param index="1">
              <value>
                <![CDATA["Program Validation feature"]]>
              </value>
            </param>
          </params>
          <reporter-output>
          </reporter-output>
        </test-method> <!-- runScenario -->
        <test-method signature="runScenario(io.cucumber.testng.PickleWrapper,io.cucumber.testng.FeatureWrapper)[pri:0, instance:runner.TestRunner@3b79fd76]" started-at="2025-02-24T23:40:45 EST" name="runScenario" description="Runs Cucumber Scenarios" data-provider="scenarios" finished-at="2025-02-24T23:40:45 EST" duration-ms="71" status="PASS">
          <params>
            <param index="0">
              <value>
                <![CDATA["Verify checkbox default state beside Program Name column header"]]>
              </value>
            </param>
            <param index="1">
              <value>
                <![CDATA["Program Validation feature"]]>
              </value>
            </param>
          </params>
          <reporter-output>
          </reporter-output>
        </test-method> <!-- runScenario -->
        <test-method signature="runScenario(io.cucumber.testng.PickleWrapper,io.cucumber.testng.FeatureWrapper)[pri:0, instance:runner.TestRunner@3b79fd76]" started-at="2025-02-24T23:40:45 EST" name="runScenario" description="Runs Cucumber Scenarios" data-provider="scenarios" finished-at="2025-02-24T23:40:45 EST" duration-ms="30" status="PASS">
          <params>
            <param index="0">
              <value>
                <![CDATA["Verify checkboxes default state beside each Program names in the data table"]]>
              </value>
            </param>
            <param index="1">
              <value>
                <![CDATA["Program Validation feature"]]>
              </value>
            </param>
          </params>
          <reporter-output>
          </reporter-output>
        </test-method> <!-- runScenario -->
        <test-method signature="runScenario(io.cucumber.testng.PickleWrapper,io.cucumber.testng.FeatureWrapper)[pri:0, instance:runner.TestRunner@3b79fd76]" started-at="2025-02-24T23:40:45 EST" name="runScenario" description="Runs Cucumber Scenarios" data-provider="scenarios" finished-at="2025-02-24T23:40:45 EST" duration-ms="24" status="PASS">
          <params>
            <param index="0">
              <value>
                <![CDATA["Verify Sort icon in manage program"]]>
              </value>
            </param>
            <param index="1">
              <value>
                <![CDATA["Program Validation feature"]]>
              </value>
            </param>
          </params>
          <reporter-output>
          </reporter-output>
        </test-method> <!-- runScenario -->
        <test-method signature="runScenario(io.cucumber.testng.PickleWrapper,io.cucumber.testng.FeatureWrapper)[pri:0, instance:runner.TestRunner@3b79fd76]" started-at="2025-02-24T23:40:45 EST" name="runScenario" description="Runs Cucumber Scenarios" data-provider="scenarios" finished-at="2025-02-24T23:40:45 EST" duration-ms="60" status="PASS">
          <params>
            <param index="0">
              <value>
                <![CDATA["Verify edit and delete icon in manage program"]]>
              </value>
            </param>
            <param index="1">
              <value>
                <![CDATA["Program Validation feature"]]>
              </value>
            </param>
          </params>
          <reporter-output>
          </reporter-output>
        </test-method> <!-- runScenario -->
        <test-method signature="runScenario(io.cucumber.testng.PickleWrapper,io.cucumber.testng.FeatureWrapper)[pri:0, instance:runner.TestRunner@3b79fd76]" started-at="2025-02-24T23:40:45 EST" name="runScenario" description="Runs Cucumber Scenarios" data-provider="scenarios" finished-at="2025-02-24T23:40:45 EST" duration-ms="271" status="PASS">
          <params>
            <param index="0">
              <value>
                <![CDATA["Verify pagination icons below data table in manage program"]]>
              </value>
            </param>
            <param index="1">
              <value>
                <![CDATA["Program Validation feature"]]>
              </value>
            </param>
          </params>
          <reporter-output>
          </reporter-output>
        </test-method> <!-- runScenario -->
        <test-method signature="runScenario(io.cucumber.testng.PickleWrapper,io.cucumber.testng.FeatureWrapper)[pri:0, instance:runner.TestRunner@3b79fd76]" started-at="2025-02-24T23:40:45 EST" name="runScenario" description="Runs Cucumber Scenarios" data-provider="scenarios" finished-at="2025-02-24T23:40:45 EST" duration-ms="55" status="PASS">
          <params>
            <param index="0">
              <value>
                <![CDATA["Verify footer message in manage program"]]>
              </value>
            </param>
            <param index="1">
              <value>
                <![CDATA["Program Validation feature"]]>
              </value>
            </param>
          </params>
          <reporter-output>
          </reporter-output>
        </test-method> <!-- runScenario -->
        <test-method signature="runScenario(io.cucumber.testng.PickleWrapper,io.cucumber.testng.FeatureWrapper)[pri:0, instance:runner.TestRunner@3b79fd76]" started-at="2025-02-24T23:40:45 EST" name="runScenario" description="Runs Cucumber Scenarios" data-provider="scenarios" finished-at="2025-02-24T23:40:46 EST" duration-ms="1162" status="PASS">
          <params>
            <param index="0">
              <value>
                <![CDATA["Verify sub menu displayed in program menu bar"]]>
              </value>
            </param>
            <param index="1">
              <value>
                <![CDATA["Add New Program"]]>
              </value>
            </param>
          </params>
          <reporter-output>
          </reporter-output>
        </test-method> <!-- runScenario -->
        <test-method signature="runScenario(io.cucumber.testng.PickleWrapper,io.cucumber.testng.FeatureWrapper)[pri:0, instance:runner.TestRunner@3b79fd76]" started-at="2025-02-24T23:40:46 EST" name="runScenario" description="Runs Cucumber Scenarios" data-provider="scenarios" finished-at="2025-02-24T23:40:47 EST" duration-ms="180" status="PASS">
          <params>
            <param index="0">
              <value>
                <![CDATA["Verify add New Program"]]>
              </value>
            </param>
            <param index="1">
              <value>
                <![CDATA["Add New Program"]]>
              </value>
            </param>
          </params>
          <reporter-output>
          </reporter-output>
        </test-method> <!-- runScenario -->
        <test-method signature="runScenario(io.cucumber.testng.PickleWrapper,io.cucumber.testng.FeatureWrapper)[pri:0, instance:runner.TestRunner@3b79fd76]" started-at="2025-02-24T23:40:47 EST" name="runScenario" description="Runs Cucumber Scenarios" data-provider="scenarios" finished-at="2025-02-24T23:40:47 EST" duration-ms="61" status="PASS">
          <params>
            <param index="0">
              <value>
                <![CDATA["Verify title of the pop up window"]]>
              </value>
            </param>
            <param index="1">
              <value>
                <![CDATA["Add New Program"]]>
              </value>
            </param>
          </params>
          <reporter-output>
          </reporter-output>
        </test-method> <!-- runScenario -->
        <test-method signature="runScenario(io.cucumber.testng.PickleWrapper,io.cucumber.testng.FeatureWrapper)[pri:0, instance:runner.TestRunner@3b79fd76]" started-at="2025-02-24T23:40:47 EST" name="runScenario" description="Runs Cucumber Scenarios" data-provider="scenarios" finished-at="2025-02-24T23:40:47 EST" duration-ms="69" status="PASS">
          <params>
            <param index="0">
              <value>
                <![CDATA["Verify mandatory fields with red asterisk mark"]]>
              </value>
            </param>
            <param index="1">
              <value>
                <![CDATA["Add New Program"]]>
              </value>
            </param>
          </params>
          <reporter-output>
          </reporter-output>
        </test-method> <!-- runScenario -->
        <test-method signature="runScenario(io.cucumber.testng.PickleWrapper,io.cucumber.testng.FeatureWrapper)[pri:0, instance:runner.TestRunner@3b79fd76]" started-at="2025-02-24T23:40:47 EST" name="runScenario" description="Runs Cucumber Scenarios" data-provider="scenarios" finished-at="2025-02-24T23:40:47 EST" duration-ms="200" status="PASS">
          <params>
            <param index="0">
              <value>
                <![CDATA["Verify empty form submission"]]>
              </value>
            </param>
            <param index="1">
              <value>
                <![CDATA["Add New Program"]]>
              </value>
            </param>
          </params>
          <reporter-output>
          </reporter-output>
        </test-method> <!-- runScenario -->
        <test-method signature="runScenario(io.cucumber.testng.PickleWrapper,io.cucumber.testng.FeatureWrapper)[pri:0, instance:runner.TestRunner@3b79fd76]" started-at="2025-02-24T23:40:47 EST" name="runScenario" description="Runs Cucumber Scenarios" data-provider="scenarios" finished-at="2025-02-24T23:40:47 EST" duration-ms="129" status="PASS">
          <params>
            <param index="0">
              <value>
                <![CDATA["Verify cancel button"]]>
              </value>
            </param>
            <param index="1">
              <value>
                <![CDATA["Add New Program"]]>
              </value>
            </param>
          </params>
          <reporter-output>
          </reporter-output>
        </test-method> <!-- runScenario -->
        <test-method signature="runScenario(io.cucumber.testng.PickleWrapper,io.cucumber.testng.FeatureWrapper)[pri:0, instance:runner.TestRunner@3b79fd76]" started-at="2025-02-24T23:40:47 EST" name="runScenario" description="Runs Cucumber Scenarios" data-provider="scenarios" finished-at="2025-02-24T23:40:52 EST" duration-ms="4868" status="PASS">
          <params>
            <param index="0">
              <value>
                <![CDATA["Verify enter Program and Description name"]]>
              </value>
            </param>
            <param index="1">
              <value>
                <![CDATA["Add New Program"]]>
              </value>
            </param>
          </params>
          <reporter-output>
          </reporter-output>
        </test-method> <!-- runScenario -->
        <test-method signature="runScenario(io.cucumber.testng.PickleWrapper,io.cucumber.testng.FeatureWrapper)[pri:0, instance:runner.TestRunner@3b79fd76]" started-at="2025-02-24T23:40:52 EST" name="runScenario" description="Runs Cucumber Scenarios" data-provider="scenarios" finished-at="2025-02-24T23:40:53 EST" duration-ms="1127" status="PASS">
          <params>
            <param index="0">
              <value>
                <![CDATA["Verify select Status"]]>
              </value>
            </param>
            <param index="1">
              <value>
                <![CDATA["Add New Program"]]>
              </value>
            </param>
          </params>
          <reporter-output>
          </reporter-output>
        </test-method> <!-- runScenario -->
        <test-method signature="runScenario(io.cucumber.testng.PickleWrapper,io.cucumber.testng.FeatureWrapper)[pri:0, instance:runner.TestRunner@3b79fd76]" started-at="2025-02-24T23:40:53 EST" name="runScenario" description="Runs Cucumber Scenarios" data-provider="scenarios" finished-at="2025-02-24T23:40:53 EST" duration-ms="123" status="PASS">
          <params>
            <param index="0">
              <value>
                <![CDATA["Verify Admin is able to save the program details"]]>
              </value>
            </param>
            <param index="1">
              <value>
                <![CDATA["Add New Program"]]>
              </value>
            </param>
          </params>
          <reporter-output>
          </reporter-output>
        </test-method> <!-- runScenario -->
        <test-method signature="runScenario(io.cucumber.testng.PickleWrapper,io.cucumber.testng.FeatureWrapper)[pri:0, instance:runner.TestRunner@3b79fd76]" started-at="2025-02-24T23:40:53 EST" name="runScenario" description="Runs Cucumber Scenarios" data-provider="scenarios" finished-at="2025-02-24T23:40:54 EST" duration-ms="1118" status="PASS">
          <params>
            <param index="0">
              <value>
                <![CDATA["Verify cancel program details"]]>
              </value>
            </param>
            <param index="1">
              <value>
                <![CDATA["Add New Program"]]>
              </value>
            </param>
          </params>
          <reporter-output>
          </reporter-output>
        </test-method> <!-- runScenario -->
        <test-method signature="runScenario(io.cucumber.testng.PickleWrapper,io.cucumber.testng.FeatureWrapper)[pri:0, instance:runner.TestRunner@3b79fd76]" started-at="2025-02-24T23:40:54 EST" name="runScenario" description="Runs Cucumber Scenarios" data-provider="scenarios" finished-at="2025-02-24T23:40:54 EST" duration-ms="194" status="PASS">
          <params>
            <param index="0">
              <value>
                <![CDATA["Verify added Program is created"]]>
              </value>
            </param>
            <param index="1">
              <value>
                <![CDATA["Add New Program"]]>
              </value>
            </param>
          </params>
          <reporter-output>
          </reporter-output>
        </test-method> <!-- runScenario -->
        <test-method signature="runScenario(io.cucumber.testng.PickleWrapper,io.cucumber.testng.FeatureWrapper)[pri:0, instance:runner.TestRunner@3b79fd76]" started-at="2025-02-24T23:40:54 EST" name="runScenario" description="Runs Cucumber Scenarios" data-provider="scenarios" finished-at="2025-02-24T23:40:57 EST" duration-ms="2516" status="PASS">
          <params>
            <param index="0">
              <value>
                <![CDATA["Verify close window with "X""]]>
              </value>
            </param>
            <param index="1">
              <value>
                <![CDATA["Add New Program"]]>
              </value>
            </param>
          </params>
          <reporter-output>
          </reporter-output>
        </test-method> <!-- runScenario -->
        <test-method signature="runScenario(io.cucumber.testng.PickleWrapper,io.cucumber.testng.FeatureWrapper)[pri:0, instance:runner.TestRunner@3b79fd76]" started-at="2025-02-24T23:40:57 EST" name="runScenario" description="Runs Cucumber Scenarios" data-provider="scenarios" finished-at="2025-02-24T23:41:01 EST" duration-ms="3696" status="PASS">
          <params>
            <param index="0">
              <value>
                <![CDATA["Verify Edit option"]]>
              </value>
            </param>
            <param index="1">
              <value>
                <![CDATA["Edit Program"]]>
              </value>
            </param>
          </params>
          <reporter-output>
          </reporter-output>
        </test-method> <!-- runScenario -->
        <test-method signature="runScenario(io.cucumber.testng.PickleWrapper,io.cucumber.testng.FeatureWrapper)[pri:0, instance:runner.TestRunner@3b79fd76]" started-at="2025-02-24T23:41:01 EST" name="runScenario" description="Runs Cucumber Scenarios" data-provider="scenarios" finished-at="2025-02-24T23:41:04 EST" duration-ms="3657" status="PASS">
          <params>
            <param index="0">
              <value>
                <![CDATA["Verify title of the pop up window"]]>
              </value>
            </param>
            <param index="1">
              <value>
                <![CDATA["Edit Program"]]>
              </value>
            </param>
          </params>
          <reporter-output>
          </reporter-output>
        </test-method> <!-- runScenario -->
        <test-method signature="runScenario(io.cucumber.testng.PickleWrapper,io.cucumber.testng.FeatureWrapper)[pri:0, instance:runner.TestRunner@3b79fd76]" started-at="2025-02-24T23:41:04 EST" name="runScenario" description="Runs Cucumber Scenarios" data-provider="scenarios" finished-at="2025-02-24T23:41:10 EST" duration-ms="5896" status="PASS">
          <params>
            <param index="0">
              <value>
                <![CDATA["Verify edit Program Name"]]>
              </value>
            </param>
            <param index="1">
              <value>
                <![CDATA["Edit Program"]]>
              </value>
            </param>
          </params>
          <reporter-output>
          </reporter-output>
        </test-method> <!-- runScenario -->
        <test-method signature="runScenario(io.cucumber.testng.PickleWrapper,io.cucumber.testng.FeatureWrapper)[pri:0, instance:runner.TestRunner@3b79fd76]" started-at="2025-02-24T23:41:10 EST" name="runScenario" description="Runs Cucumber Scenarios" data-provider="scenarios" finished-at="2025-02-24T23:41:16 EST" duration-ms="5882" status="PASS">
          <params>
            <param index="0">
              <value>
                <![CDATA["Verify edit Description"]]>
              </value>
            </param>
            <param index="1">
              <value>
                <![CDATA["Edit Program"]]>
              </value>
            </param>
          </params>
          <reporter-output>
          </reporter-output>
        </test-method> <!-- runScenario -->
        <test-method signature="runScenario(io.cucumber.testng.PickleWrapper,io.cucumber.testng.FeatureWrapper)[pri:0, instance:runner.TestRunner@3b79fd76]" started-at="2025-02-24T23:41:16 EST" name="runScenario" description="Runs Cucumber Scenarios" data-provider="scenarios" finished-at="2025-02-24T23:41:20 EST" duration-ms="3817" status="PASS">
          <params>
            <param index="0">
              <value>
                <![CDATA["Verify edit Status"]]>
              </value>
            </param>
            <param index="1">
              <value>
                <![CDATA["Edit Program"]]>
              </value>
            </param>
          </params>
          <reporter-output>
          </reporter-output>
        </test-method> <!-- runScenario -->
        <test-method signature="runScenario(io.cucumber.testng.PickleWrapper,io.cucumber.testng.FeatureWrapper)[pri:0, instance:runner.TestRunner@3b79fd76]" started-at="2025-02-24T23:41:20 EST" name="runScenario" description="Runs Cucumber Scenarios" data-provider="scenarios" finished-at="2025-02-24T23:41:24 EST" duration-ms="3751" status="PASS">
          <params>
            <param index="0">
              <value>
                <![CDATA["Verify Admin is able to click Save"]]>
              </value>
            </param>
            <param index="1">
              <value>
                <![CDATA["Edit Program"]]>
              </value>
            </param>
          </params>
          <reporter-output>
          </reporter-output>
        </test-method> <!-- runScenario -->
        <test-method signature="runScenario(io.cucumber.testng.PickleWrapper,io.cucumber.testng.FeatureWrapper)[pri:0, instance:runner.TestRunner@3b79fd76]" started-at="2025-02-24T23:41:24 EST" name="runScenario" description="Runs Cucumber Scenarios" data-provider="scenarios" finished-at="2025-02-24T23:41:28 EST" duration-ms="3839" status="PASS">
          <params>
            <param index="0">
              <value>
                <![CDATA["Verify Admin is able to click Cancel"]]>
              </value>
            </param>
            <param index="1">
              <value>
                <![CDATA["Edit Program"]]>
              </value>
            </param>
          </params>
          <reporter-output>
          </reporter-output>
        </test-method> <!-- runScenario -->
        <test-method signature="runScenario(io.cucumber.testng.PickleWrapper,io.cucumber.testng.FeatureWrapper)[pri:0, instance:runner.TestRunner@3b79fd76]" started-at="2025-02-24T23:41:28 EST" name="runScenario" description="Runs Cucumber Scenarios" data-provider="scenarios" finished-at="2025-02-24T23:41:30 EST" duration-ms="2863" status="PASS">
          <params>
            <param index="0">
              <value>
                <![CDATA["Verify delete feature"]]>
              </value>
            </param>
            <param index="1">
              <value>
                <![CDATA["Delete Program"]]>
              </value>
            </param>
          </params>
          <reporter-output>
          </reporter-output>
        </test-method> <!-- runScenario -->
        <test-method signature="runScenario(io.cucumber.testng.PickleWrapper,io.cucumber.testng.FeatureWrapper)[pri:0, instance:runner.TestRunner@3b79fd76]" started-at="2025-02-24T23:41:30 EST" name="runScenario" description="Runs Cucumber Scenarios" data-provider="scenarios" finished-at="2025-02-24T23:41:33 EST" duration-ms="2924" status="PASS">
          <params>
            <param index="0">
              <value>
                <![CDATA["Verify Admin is able to click 'Yes'"]]>
              </value>
            </param>
            <param index="1">
              <value>
                <![CDATA["Delete Program"]]>
              </value>
            </param>
          </params>
          <reporter-output>
          </reporter-output>
        </test-method> <!-- runScenario -->
        <test-method signature="runScenario(io.cucumber.testng.PickleWrapper,io.cucumber.testng.FeatureWrapper)[pri:0, instance:runner.TestRunner@3b79fd76]" started-at="2025-02-24T23:41:33 EST" name="runScenario" description="Runs Cucumber Scenarios" data-provider="scenarios" finished-at="2025-02-24T23:41:36 EST" duration-ms="3090" status="PASS">
          <params>
            <param index="0">
              <value>
                <![CDATA["Verify Admin is able to click 'No'"]]>
              </value>
            </param>
            <param index="1">
              <value>
                <![CDATA["Delete Program"]]>
              </value>
            </param>
          </params>
          <reporter-output>
          </reporter-output>
        </test-method> <!-- runScenario -->
        <test-method signature="runScenario(io.cucumber.testng.PickleWrapper,io.cucumber.testng.FeatureWrapper)[pri:0, instance:runner.TestRunner@3b79fd76]" started-at="2025-02-24T23:41:36 EST" name="runScenario" description="Runs Cucumber Scenarios" data-provider="scenarios" finished-at="2025-02-24T23:41:39 EST" duration-ms="2952" status="FAIL">
          <params>
            <param index="0">
              <value>
                <![CDATA["Verify Admin is able to close the window with "X""]]>
              </value>
            </param>
            <param index="1">
              <value>
                <![CDATA["Delete Program"]]>
              </value>
            </param>
          </params>
          <exception class="java.lang.NullPointerException">
            <message>
              <![CDATA[Cannot invoke "org.openqa.selenium.support.ui.WebDriverWait.until(java.util.function.Function)" because "this.wait" is null]]>
            </message>
            <full-stacktrace>
              <![CDATA[java.lang.NullPointerException: Cannot invoke "org.openqa.selenium.support.ui.WebDriverWait.until(java.util.function.Function)" because "this.wait" is null
at pageObjects.ProgramPageTwo.clickCloseBtn(ProgramPageTwo.java:201)
at stepDefinitions.DeleteProgramSteps.admin_click_on_button(DeleteProgramSteps.java:96)
at ✽.Admin Click on "X" button(file:///C:/Users/vijay/git/Team13_QuantumCoders_LMS_UIHackathon_Feb2025/Team13_QuantumCoders_LMS_UIHackathon_Feb2025/src/test/resources/features/03_06DeleteProgram.feature:22)
]]>
            </full-stacktrace>
          </exception> <!-- java.lang.NullPointerException -->
          <reporter-output>
          </reporter-output>
        </test-method> <!-- runScenario -->
        <test-method signature="runScenario(io.cucumber.testng.PickleWrapper,io.cucumber.testng.FeatureWrapper)[pri:0, instance:runner.TestRunner@3b79fd76]" started-at="2025-02-24T23:41:39 EST" name="runScenario" description="Runs Cucumber Scenarios" data-provider="scenarios" finished-at="2025-02-24T23:41:43 EST" duration-ms="3345" status="PASS">
          <params>
            <param index="0">
              <value>
                <![CDATA["Verify Admin is able to select multiple programs"]]>
              </value>
            </param>
            <param index="1">
              <value>
                <![CDATA["DeleteMultipleProgram"]]>
              </value>
            </param>
          </params>
          <reporter-output>
          </reporter-output>
        </test-method> <!-- runScenario -->
        <test-method signature="runScenario(io.cucumber.testng.PickleWrapper,io.cucumber.testng.FeatureWrapper)[pri:0, instance:runner.TestRunner@3b79fd76]" started-at="2025-02-24T23:41:43 EST" name="runScenario" description="Runs Cucumber Scenarios" data-provider="scenarios" finished-at="2025-02-24T23:41:46 EST" duration-ms="3201" status="PASS">
          <params>
            <param index="0">
              <value>
                <![CDATA["Verify Admin is able to delete Multiple programs"]]>
              </value>
            </param>
            <param index="1">
              <value>
                <![CDATA["DeleteMultipleProgram"]]>
              </value>
            </param>
          </params>
          <reporter-output>
          </reporter-output>
        </test-method> <!-- runScenario -->
        <test-method signature="runScenario(io.cucumber.testng.PickleWrapper,io.cucumber.testng.FeatureWrapper)[pri:0, instance:runner.TestRunner@3b79fd76]" started-at="2025-02-24T23:41:46 EST" name="runScenario" description="Runs Cucumber Scenarios" data-provider="scenarios" finished-at="2025-02-24T23:41:49 EST" duration-ms="3208" status="PASS">
          <params>
            <param index="0">
              <value>
                <![CDATA["Verify Admin is able to click 'Yes' in multiple delete program"]]>
              </value>
            </param>
            <param index="1">
              <value>
                <![CDATA["DeleteMultipleProgram"]]>
              </value>
            </param>
          </params>
          <reporter-output>
          </reporter-output>
        </test-method> <!-- runScenario -->
        <test-method signature="runScenario(io.cucumber.testng.PickleWrapper,io.cucumber.testng.FeatureWrapper)[pri:0, instance:runner.TestRunner@3b79fd76]" started-at="2025-02-24T23:41:49 EST" name="runScenario" description="Runs Cucumber Scenarios" data-provider="scenarios" finished-at="2025-02-24T23:41:53 EST" duration-ms="3397" status="PASS">
          <params>
            <param index="0">
              <value>
                <![CDATA["Verify Admin is able to click 'No' in multiple delete program"]]>
              </value>
            </param>
            <param index="1">
              <value>
                <![CDATA["DeleteMultipleProgram"]]>
              </value>
            </param>
          </params>
          <reporter-output>
          </reporter-output>
        </test-method> <!-- runScenario -->
        <test-method signature="runScenario(io.cucumber.testng.PickleWrapper,io.cucumber.testng.FeatureWrapper)[pri:0, instance:runner.TestRunner@3b79fd76]" started-at="2025-02-24T23:41:53 EST" name="runScenario" description="Runs Cucumber Scenarios" data-provider="scenarios" finished-at="2025-02-24T23:41:53 EST" duration-ms="600" status="FAIL">
          <params>
            <param index="0">
              <value>
                <![CDATA["Verify Admin is able to close the window with "X"  in delete program"]]>
              </value>
            </param>
            <param index="1">
              <value>
                <![CDATA["DeleteMultipleProgram"]]>
              </value>
            </param>
          </params>
          <exception class="java.lang.NullPointerException">
            <message>
              <![CDATA[Cannot invoke "org.openqa.selenium.support.ui.WebDriverWait.until(java.util.function.Function)" because "this.wait" is null]]>
            </message>
            <full-stacktrace>
              <![CDATA[java.lang.NullPointerException: Cannot invoke "org.openqa.selenium.support.ui.WebDriverWait.until(java.util.function.Function)" because "this.wait" is null
at pageObjects.ProgramPageTwo.clickCloseBtn(ProgramPageTwo.java:201)
at stepDefinitions.MultipleDeleteProgramSteps.admin_clicks_button(MultipleDeleteProgramSteps.java:100)
at ✽.Admin Clicks "X" button(file:///C:/Users/vijay/git/Team13_QuantumCoders_LMS_UIHackathon_Feb2025/Team13_QuantumCoders_LMS_UIHackathon_Feb2025/src/test/resources/features/03_07DeleteMultipleProgram.feature:27)
]]>
            </full-stacktrace>
          </exception> <!-- java.lang.NullPointerException -->
          <reporter-output>
          </reporter-output>
        </test-method> <!-- runScenario -->
        <test-method signature="runScenario(io.cucumber.testng.PickleWrapper,io.cucumber.testng.FeatureWrapper)[pri:0, instance:runner.TestRunner@3b79fd76]" started-at="2025-02-24T23:41:53 EST" name="runScenario" description="Runs Cucumber Scenarios" data-provider="scenarios" finished-at="2025-02-24T23:41:56 EST" duration-ms="3115" status="PASS">
          <params>
            <param index="0">
              <value>
                <![CDATA["Verify Admin is able to search results found for program name"]]>
              </value>
            </param>
            <param index="1">
              <value>
                <![CDATA["Search Bar program"]]>
              </value>
            </param>
          </params>
          <reporter-output>
          </reporter-output>
        </test-method> <!-- runScenario -->
        <test-method signature="runScenario(io.cucumber.testng.PickleWrapper,io.cucumber.testng.FeatureWrapper)[pri:0, instance:runner.TestRunner@3b79fd76]" started-at="2025-02-24T23:41:56 EST" name="runScenario" description="Runs Cucumber Scenarios" data-provider="scenarios" finished-at="2025-02-24T23:41:59 EST" duration-ms="2972" status="PASS">
          <params>
            <param index="0">
              <value>
                <![CDATA["Verify Admin is able to search results found for program description"]]>
              </value>
            </param>
            <param index="1">
              <value>
                <![CDATA["Search Bar program"]]>
              </value>
            </param>
          </params>
          <reporter-output>
          </reporter-output>
        </test-method> <!-- runScenario -->
        <test-method signature="runScenario(io.cucumber.testng.PickleWrapper,io.cucumber.testng.FeatureWrapper)[pri:0, instance:runner.TestRunner@3b79fd76]" started-at="2025-02-24T23:41:59 EST" name="runScenario" description="Runs Cucumber Scenarios" data-provider="scenarios" finished-at="2025-02-24T23:42:02 EST" duration-ms="3238" status="PASS">
          <params>
            <param index="0">
              <value>
                <![CDATA["Verify Admin is able to search results not found"]]>
              </value>
            </param>
            <param index="1">
              <value>
                <![CDATA["Search Bar program"]]>
              </value>
            </param>
          </params>
          <reporter-output>
          </reporter-output>
        </test-method> <!-- runScenario -->
        <test-method signature="runScenario(io.cucumber.testng.PickleWrapper,io.cucumber.testng.FeatureWrapper)[pri:0, instance:runner.TestRunner@3b79fd76]" started-at="2025-02-24T23:42:02 EST" name="runScenario" description="Runs Cucumber Scenarios" data-provider="scenarios" finished-at="2025-02-24T23:42:06 EST" duration-ms="3471" status="PASS">
          <params>
            <param index="0">
              <value>
                <![CDATA["Verify Admin is able to search with partial program name"]]>
              </value>
            </param>
            <param index="1">
              <value>
                <![CDATA["Search Bar program"]]>
              </value>
            </param>
          </params>
          <reporter-output>
          </reporter-output>
        </test-method> <!-- runScenario -->
        <test-method signature="runScenario(io.cucumber.testng.PickleWrapper,io.cucumber.testng.FeatureWrapper)[pri:0, instance:runner.TestRunner@3b79fd76]" started-at="2025-02-24T23:42:06 EST" name="runScenario" description="Runs Cucumber Scenarios" data-provider="scenarios" finished-at="2025-02-24T23:42:09 EST" duration-ms="2978" status="PASS">
          <params>
            <param index="0">
              <value>
                <![CDATA["Verify sorting of  Program name in Ascending order/Descending order"]]>
              </value>
            </param>
            <param index="1">
              <value>
                <![CDATA["Manage Program - Sorting Program"]]>
              </value>
            </param>
          </params>
          <reporter-output>
          </reporter-output>
        </test-method> <!-- runScenario -->
        <test-method signature="runScenario(io.cucumber.testng.PickleWrapper,io.cucumber.testng.FeatureWrapper)[pri:0, instance:runner.TestRunner@3b79fd76]" started-at="2025-02-24T23:42:09 EST" name="runScenario" description="Runs Cucumber Scenarios" data-provider="scenarios" finished-at="2025-02-24T23:42:12 EST" duration-ms="3239" status="PASS">
          <params>
            <param index="0">
              <value>
                <![CDATA["Verify sorting of  Program Descriptionin  Ascending order/Descending order"]]>
              </value>
            </param>
            <param index="1">
              <value>
                <![CDATA["Manage Program - Sorting Program"]]>
              </value>
            </param>
          </params>
          <reporter-output>
          </reporter-output>
        </test-method> <!-- runScenario -->
        <test-method signature="runScenario(io.cucumber.testng.PickleWrapper,io.cucumber.testng.FeatureWrapper)[pri:0, instance:runner.TestRunner@3b79fd76]" started-at="2025-02-24T23:42:12 EST" name="runScenario" description="Runs Cucumber Scenarios" data-provider="scenarios" finished-at="2025-02-24T23:42:15 EST" duration-ms="2933" status="PASS">
          <params>
            <param index="0">
              <value>
                <![CDATA["Verify sorting of   Program status in Ascending order/Descending order"]]>
              </value>
            </param>
            <param index="1">
              <value>
                <![CDATA["Manage Program - Sorting Program"]]>
              </value>
            </param>
          </params>
          <reporter-output>
          </reporter-output>
        </test-method> <!-- runScenario -->
        <test-method signature="runScenario(io.cucumber.testng.PickleWrapper,io.cucumber.testng.FeatureWrapper)[pri:0, instance:runner.TestRunner@3b79fd76]" started-at="2025-02-24T23:42:15 EST" name="runScenario" description="Runs Cucumber Scenarios" data-provider="scenarios" finished-at="2025-02-24T23:42:27 EST" duration-ms="11598" status="FAIL">
          <params>
            <param index="0">
              <value>
                <![CDATA["Validate login with valid credentials"]]>
              </value>
            </param>
            <param index="1">
              <value>
                <![CDATA["Class Page Validation"]]>
              </value>
            </param>
          </params>
          <exception class="org.openqa.selenium.NoSuchElementException">
            <message>
              <![CDATA[no such element: Unable to locate element: {"method":"xpath","selector":"//input[@id='username']"}
  (Session info: chrome=133.0.6943.127)
[...]
          <exception class="java.lang.AssertionError">
            <message>
              <![CDATA[No record is not matching in seach expected [true] but found [false]]]>
            </message>
            <full-stacktrace>
              <![CDATA[java.lang.AssertionError: No record is not matching in seach expected [true] but found [false]
at org.testng.Assert.fail(Assert.java:111)
at org.testng.Assert.failNotEquals(Assert.java:1578)
at org.testng.Assert.assertTrue(Assert.java:57)
at pageObjects.ClassPage.searchClass(ClassPage.java:1183)
at stepDefinitions.ClassSearchBarSteps.admin_should_see_class_details_are_searched_by_respective_inputs_in_the_class_module(ClassSearchBarSteps.java:27)
at ✽.Admin should see Class details are searched by respective inputs from "Class" and "searchByClassTopic" in the Class module(file:///C:/Users/vijay/git/Team13_QuantumCoders_LMS_UIHackathon_Feb2025/Team13_QuantumCoders_LMS_UIHackathon_Feb2025/src/test/resources/features/05_08ClassSearchBar.feature:12)
]]>
            </full-stacktrace>
          </exception> <!-- java.lang.AssertionError -->
          <reporter-output>
          </reporter-output>
        </test-method> <!-- runScenario -->
        <test-method signature="runScenario(io.cucumber.testng.PickleWrapper,io.cucumber.testng.FeatureWrapper)[pri:0, instance:runner.TestRunner@3b79fd76]" started-at="2025-02-24T23:45:19 EST" name="runScenario" description="Runs Cucumber Scenarios" data-provider="scenarios" finished-at="2025-02-24T23:45:20 EST" duration-ms="1666" status="PASS">
          <params>
            <param index="0">
              <value>
                <![CDATA["Verify Admin is able to search Class by different inputs"]]>
              </value>
            </param>
            <param index="1">
              <value>
                <![CDATA["Class SearchBar"]]>
              </value>
            </param>
          </params>
          <reporter-output>
          </reporter-output>
        </test-method> <!-- runScenario -->
        <test-method signature="runScenario(io.cucumber.testng.PickleWrapper,io.cucumber.testng.FeatureWrapper)[pri:0, instance:runner.TestRunner@3b79fd76]" started-at="2025-02-24T23:45:20 EST" name="runScenario" description="Runs Cucumber Scenarios" data-provider="scenarios" finished-at="2025-02-24T23:45:22 EST" duration-ms="1474" status="PASS">
          <params>
            <param index="0">
              <value>
                <![CDATA["Admin is on the Class Page after logged in"]]>
              </value>
            </param>
            <param index="1">
              <value>
                <![CDATA["Class Pagination"]]>
              </value>
            </param>
          </params>
          <reporter-output>
          </reporter-output>
        </test-method> <!-- runScenario -->
        <test-method signature="runScenario(io.cucumber.testng.PickleWrapper,io.cucumber.testng.FeatureWrapper)[pri:0, instance:runner.TestRunner@3b79fd76]" started-at="2025-02-24T23:45:22 EST" name="runScenario" description="Runs Cucumber Scenarios" data-provider="scenarios" finished-at="2025-02-24T23:45:32 EST" duration-ms="10367" status="FAIL">
          <params>
            <param index="0">
              <value>
                <![CDATA["Verify Next page link(>)"]]>
              </value>
            </param>
            <param index="1">
              <value>
                <![CDATA["Class Pagination"]]>
              </value>
            </param>
          </params>
          <exception class="org.openqa.selenium.TimeoutException">
            <message>
              <![CDATA[Expected condition failed: waiting for element to be clickable: By.xpath: //button[@class='p-paginator-next p-paginator-element p-link p-ripple'] (tried for 10 second(s) with 500 milliseconds interval)
Build info: version: '4.23.0', revision: '4df0a231af'
System info: os.name: 'Windows 11', os.arch: 'amd64', os.version: '10.0', java.version: '22.0.1'
Driver info: org.openqa.selenium.chrome.ChromeDriver
Capabilities {acceptInsecureCerts: false, browserName: chrome, browserVersion: 133.0.6943.127, chrome: {chromedriverVersion: 133.0.6943.126 (cffa127ce7b..., userDataDir: C:\Users\vijay\AppData\Loca...}, fedcm:accounts: true, goog:chromeOptions: {debuggerAddress: localhost:55008}, networkConnectionEnabled: false, pageLoadStrategy: normal, platformName: windows, proxy: Proxy(), se:cdp: ws://localhost:55008/devtoo..., se:cdpVersion: 133.0.6943.127, setWindowRect: true, strictFileInteractability: false, timeouts: {implicit: 0, pageLoad: 300000, script: 30000}, unhandledPromptBehavior: dismiss and notify, webauthn:extension:credBlob: true, webauthn:extension:largeBlob: true, webauthn:extension:minPinLength: true, webauthn:extension:prf: true, webauthn:virtualAuthenticators: true}
Session ID: 996c6b8d6c53e550812263e6e41999b7]]>
            </message>
            <full-stacktrace>
              <![CDATA[org.openqa.selenium.TimeoutException: Expected condition failed: waiting for element to be clickable: By.xpath: //button[@class='p-paginator-next p-paginator-element p-link p-ripple'] (tried for 10 second(s) with 500 milliseconds interval)
Build info: version: '4.23.0', revision: '4df0a231af'
System info: os.name: 'Windows 11', os.arch: 'amd64', os.version: '10.0', java.version: '22.0.1'
Driver info: org.openqa.selenium.chrome.ChromeDriver
Capabilities {acceptInsecureCerts: false, browserName: chrome, browserVersion: 133.0.6943.127, chrome: {chromedriverVersion: 133.0.6943.126 (cffa127ce7b..., userDataDir: C:\Users\vijay\AppData\Loca...}, fedcm:accounts: true, goog:chromeOptions: {debuggerAddress: localhost:55008}, networkConnectionEnabled: false, pageLoadStrategy: normal, platformName: windows, proxy: Proxy(), se:cdp: ws://localhost:55008/devtoo..., se:cdpVersion: 133.0.6943.127, setWindowRect: true, strictFileInteractability: false, timeouts: {implicit: 0, pageLoad: 300000, script: 30000}, unhandledPromptBehavior: dismiss and notify, webauthn:extension:credBlob: true, webauthn:extension:largeBlob: true, webauthn:extension:minPinLength: true, webauthn:extension:prf: true, webauthn:virtualAuthenticators: true}
Session ID: 996c6b8d6c53e550812263e6e41999b7
at org.openqa.selenium.support.ui.WebDriverWait.timeoutException(WebDriverWait.java:84)
at org.openqa.selenium.support.ui.FluentWait.until(FluentWait.java:228)
at pageObjects.ClassPage.clickNextLink(ClassPage.java:1435)
at stepDefinitions.ClassPaginationSteps.admin_clicks_next_page_link_on_the_class_table(ClassPaginationSteps.java:32)
at ✽.Admin clicks Next page link on the Class table(file:///C:/Users/vijay/git/Team13_QuantumCoders_LMS_UIHackathon_Feb2025/Team13_QuantumCoders_LMS_UIHackathon_Feb2025/src/test/resources/features/05_09ClassPagination.feature:15)
]]>
            </full-stacktrace>
          </exception> <!-- org.openqa.selenium.TimeoutException -->
          <reporter-output>
          </reporter-output>
        </test-method> <!-- runScenario -->
        <test-method signature="runScenario(io.cucumber.testng.PickleWrapper,io.cucumber.testng.FeatureWrapper)[pri:0, instance:runner.TestRunner@3b79fd76]" started-at="2025-02-24T23:45:32 EST" name="runScenario" description="Runs Cucumber Scenarios" data-provider="scenarios" finished-at="2025-02-24T23:45:42 EST" duration-ms="10251" status="FAIL">
          <params>
            <param index="0">
              <value>
                <![CDATA["Verify Last page link(>>)"]]>
              </value>
            </param>
            <param index="1">
              <value>
                <![CDATA["Class Pagination"]]>
              </value>
            </param>
          </params>
          <exception class="org.openqa.selenium.TimeoutException">
            <message>
              <![CDATA[Expected condition failed: waiting for element to be clickable: By.xpath: //button[@class='p-paginator-last p-paginator-element p-link p-ripple ng-star-inserted'] (tried for 10 second(s) with 500 milliseconds interval)
Build info: version: '4.23.0', revision: '4df0a231af'
System info: os.name: 'Windows 11', os.arch: 'amd64', os.version: '10.0', java.version: '22.0.1'
Driver info: org.openqa.selenium.chrome.ChromeDriver
Capabilities {acceptInsecureCerts: false, browserName: chrome, browserVersion: 133.0.6943.127, chrome: {chromedriverVersion: 133.0.6943.126 (cffa127ce7b..., userDataDir: C:\Users\vijay\AppData\Loca...}, fedcm:accounts: true, goog:chromeOptions: {debuggerAddress: localhost:55008}, networkConnectionEnabled: false, pageLoadStrategy: normal, platformName: windows, proxy: Proxy(), se:cdp: ws://localhost:55008/devtoo..., se:cdpVersion: 133.0.6943.127, setWindowRect: true, strictFileInteractability: false, timeouts: {implicit: 0, pageLoad: 300000, script: 30000}, unhandledPromptBehavior: dismiss and notify, webauthn:extension:credBlob: true, webauthn:extension:largeBlob: true, webauthn:extension:minPinLength: true, webauthn:extension:prf: true, webauthn:virtualAuthenticators: true}
Session ID: 996c6b8d6c53e550812263e6e41999b7]]>
            </message>
            <full-stacktrace>
              <![CDATA[org.openqa.selenium.TimeoutException: Expected condition failed: waiting for element to be clickable: By.xpath: //button[@class='p-paginator-last p-paginator-element p-link p-ripple ng-star-inserted'] (tried for 10 second(s) with 500 milliseconds interval)
Build info: version: '4.23.0', revision: '4df0a231af'
System info: os.name: 'Windows 11', os.arch: 'amd64', os.version: '10.0', java.version: '22.0.1'
Driver info: org.openqa.selenium.chrome.ChromeDriver
Capabilities {acceptInsecureCerts: false, browserName: chrome, browserVersion: 133.0.6943.127, chrome: {chromedriverVersion: 133.0.6943.126 (cffa127ce7b..., userDataDir: C:\Users\vijay\AppData\Loca...}, fedcm:accounts: true, goog:chromeOptions: {debuggerAddress: localhost:55008}, networkConnectionEnabled: false, pageLoadStrategy: normal, platformName: windows, proxy: Proxy(), se:cdp: ws://localhost:55008/devtoo..., se:cdpVersion: 133.0.6943.127, setWindowRect: true, strictFileInteractability: false, timeouts: {implicit: 0, pageLoad: 300000, script: 30000}, unhandledPromptBehavior: dismiss and notify, webauthn:extension:credBlob: true, webauthn:extension:largeBlob: true, webauthn:extension:minPinLength: true, webauthn:extension:prf: true, webauthn:virtualAuthenticators: true}
Session ID: 996c6b8d6c53e550812263e6e41999b7
at org.openqa.selenium.support.ui.WebDriverWait.timeoutException(WebDriverWait.java:84)
at org.openqa.selenium.support.ui.FluentWait.until(FluentWait.java:228)
at pageObjects.ClassPage.clickLastLink(ClassPage.java:1464)
at stepDefinitions.ClassPaginationSteps.admin_clicks_last_page_link_on_the_class_table(ClassPaginationSteps.java:43)
at ✽.Admin clicks Last page link on the Class table(file:///C:/Users/vijay/git/Team13_QuantumCoders_LMS_UIHackathon_Feb2025/Team13_QuantumCoders_LMS_UIHackathon_Feb2025/src/test/resources/features/05_09ClassPagination.feature:21)
]]>
            </full-stacktrace>
          </exception> <!-- org.openqa.selenium.TimeoutException -->
          <reporter-output>
          </reporter-output>
        </test-method> <!-- runScenario -->
        <test-method signature="runScenario(io.cucumber.testng.PickleWrapper,io.cucumber.testng.FeatureWrapper)[pri:0, instance:runner.TestRunner@3b79fd76]" started-at="2025-02-24T23:45:42 EST" name="runScenario" description="Runs Cucumber Scenarios" data-provider="scenarios" finished-at="2025-02-24T23:46:03 EST" duration-ms="20300" status="FAIL">
          <params>
            <param index="0">
              <value>
                <![CDATA["Verify Previous page link(<)"]]>
              </value>
            </param>
            <param index="1">
              <value>
                <![CDATA["Class Pagination"]]>
              </value>
            </param>
          </params>
          <exception class="org.openqa.selenium.TimeoutException">
            <message>
              <![CDATA[Expected condition failed: waiting for element to be clickable: By.xpath: //button[@class='p-paginator-prev p-paginator-element p-link p-ripple'] (tried for 10 second(s) with 500 milliseconds interval)
Build info: version: '4.23.0', revision: '4df0a231af'
System info: os.name: 'Windows 11', os.arch: 'amd64', os.version: '10.0', java.version: '22.0.1'
Driver info: org.openqa.selenium.chrome.ChromeDriver
Capabilities {acceptInsecureCerts: false, browserName: chrome, browserVersion: 133.0.6943.127, chrome: {chromedriverVersion: 133.0.6943.126 (cffa127ce7b..., userDataDir: C:\Users\vijay\AppData\Loca...}, fedcm:accounts: true, goog:chromeOptions: {debuggerAddress: localhost:55008}, networkConnectionEnabled: false, pageLoadStrategy: normal, platformName: windows, proxy: Proxy(), se:cdp: ws://localhost:55008/devtoo..., se:cdpVersion: 133.0.6943.127, setWindowRect: true, strictFileInteractability: false, timeouts: {implicit: 0, pageLoad: 300000, script: 30000}, unhandledPromptBehavior: dismiss and notify, webauthn:extension:credBlob: true, webauthn:extension:largeBlob: true, webauthn:extension:minPinLength: true, webauthn:extension:prf: true, webauthn:virtualAuthenticators: true}
Session ID: 996c6b8d6c53e550812263e6e41999b7]]>
            </message>
            <full-stacktrace>
              <![CDATA[org.openqa.selenium.TimeoutException: Expected condition failed: waiting for element to be clickable: By.xpath: //button[@class='p-paginator-prev p-paginator-element p-link p-ripple'] (tried for 10 second(s) with 500 milliseconds interval)
Build info: version: '4.23.0', revision: '4df0a231af'
System info: os.name: 'Windows 11', os.arch: 'amd64', os.version: '10.0', java.version: '22.0.1'
Driver info: org.openqa.selenium.chrome.ChromeDriver
Capabilities {acceptInsecureCerts: false, browserName: chrome, browserVersion: 133.0.6943.127, chrome: {chromedriverVersion: 133.0.6943.126 (cffa127ce7b..., userDataDir: C:\Users\vijay\AppData\Loca...}, fedcm:accounts: true, goog:chromeOptions: {debuggerAddress: localhost:55008}, networkConnectionEnabled: false, pageLoadStrategy: normal, platformName: windows, proxy: Proxy(), se:cdp: ws://localhost:55008/devtoo..., se:cdpVersion: 133.0.6943.127, setWindowRect: true, strictFileInteractability: false, timeouts: {implicit: 0, pageLoad: 300000, script: 30000}, unhandledPromptBehavior: dismiss and notify, webauthn:extension:credBlob: true, webauthn:extension:largeBlob: true, webauthn:extension:minPinLength: true, webauthn:extension:prf: true, webauthn:virtualAuthenticators: true}
Session ID: 996c6b8d6c53e550812263e6e41999b7
at org.openqa.selenium.support.ui.WebDriverWait.timeoutException(WebDriverWait.java:84)
at org.openqa.selenium.support.ui.FluentWait.until(FluentWait.java:228)
at pageObjects.ClassPage.clickPreviousLink(ClassPage.java:1505)
at stepDefinitions.ClassPaginationSteps.admin_clicks_previous_page_link_on_the_class_table(ClassPaginationSteps.java:61)
at ✽.Admin clicks Previous page link on the Class table(file:///C:/Users/vijay/git/Team13_QuantumCoders_LMS_UIHackathon_Feb2025/Team13_QuantumCoders_LMS_UIHackathon_Feb2025/src/test/resources/features/05_09ClassPagination.feature:26)
]]>
            </full-stacktrace>
          </exception> <!-- org.openqa.selenium.TimeoutException -->
          <reporter-output>
          </reporter-output>
        </test-method> <!-- runScenario -->
        <test-method signature="runScenario(io.cucumber.testng.PickleWrapper,io.cucumber.testng.FeatureWrapper)[pri:0, instance:runner.TestRunner@3b79fd76]" started-at="2025-02-24T23:46:03 EST" name="runScenario" description="Runs Cucumber Scenarios" data-provider="scenarios" finished-at="2025-02-24T23:46:13 EST" duration-ms="10232" status="FAIL">
          <params>
            <param index="0">
              <value>
                <![CDATA["Verify First page link(<<)"]]>
              </value>
            </param>
            <param index="1">
              <value>
                <![CDATA["Class Pagination"]]>
              </value>
            </param>
          </params>
          <exception class="java.lang.AssertionError">
            <message>
              <![CDATA[Admin is not on Previous Class page expected [true] but found [false]]]>
            </message>
            <full-stacktrace>
              <![CDATA[java.lang.AssertionError: Admin is not on Previous Class page expected [true] but found [false]
at org.testng.Assert.fail(Assert.java:111)
at org.testng.Assert.failNotEquals(Assert.java:1578)
at org.testng.Assert.assertTrue(Assert.java:57)
at stepDefinitions.ClassPaginationSteps.admin_is_on_previous_class_page(ClassPaginationSteps.java:74)
at ✽.Admin is on Previous Class page(file:///C:/Users/vijay/git/Team13_QuantumCoders_LMS_UIHackathon_Feb2025/Team13_QuantumCoders_LMS_UIHackathon_Feb2025/src/test/resources/features/05_09ClassPagination.feature:30)
]]>
            </full-stacktrace>
          </exception> <!-- java.lang.AssertionError -->
          <reporter-output>
          </reporter-output>
        </test-method> <!-- runScenario -->
        <test-method signature="runScenario(io.cucumber.testng.PickleWrapper,io.cucumber.testng.FeatureWrapper)[pri:0, instance:runner.TestRunner@3b79fd76]" started-at="2025-02-24T23:46:13 EST" name="runScenario" description="Runs Cucumber Scenarios" data-provider="scenarios" finished-at="2025-02-24T23:46:13 EST" duration-ms="426" status="PASS">
          <params>
            <param index="0">
              <value>
                <![CDATA["Verify Class link on navigation bar"]]>
              </value>
            </param>
            <param index="1">
              <value>
                <![CDATA["Navigation Validation from Manage Class to other Pages"]]>
              </value>
            </param>
          </params>
          <reporter-output>
          </reporter-output>
        </test-method> <!-- runScenario -->
        <test-method signature="runScenario(io.cucumber.testng.PickleWrapper,io.cucumber.testng.FeatureWrapper)[pri:0, instance:runner.TestRunner@3b79fd76]" started-at="2025-02-24T23:46:13 EST" name="runScenario" description="Runs Cucumber Scenarios" data-provider="scenarios" finished-at="2025-02-24T23:46:14 EST" duration-ms="501" status="PASS">
          <params>
            <param index="0">
              <value>
                <![CDATA["Verify Class link to other page on navigation bar"]]>
              </value>
            </param>
            <param index="1">
              <value>
                <![CDATA["Navigation Validation from Manage Class to other Pages"]]>
              </value>
            </param>
          </params>
          <reporter-output>
          </reporter-output>
        </test-method> <!-- runScenario -->
        <test-method signature="runScenario(io.cucumber.testng.PickleWrapper,io.cucumber.testng.FeatureWrapper)[pri:0, instance:runner.TestRunner@3b79fd76]" started-at="2025-02-24T23:46:14 EST" name="runScenario" description="Runs Cucumber Scenarios" data-provider="scenarios" finished-at="2025-02-24T23:46:14 EST" duration-ms="600" status="PASS">
          <params>
            <param index="0">
              <value>
                <![CDATA["Logout link on navigation bar"]]>
              </value>
            </param>
            <param index="1">
              <value>
                <![CDATA["Navigation Validation from Manage Class to other Pages"]]>
              </value>
            </param>
          </params>
          <reporter-output>
          </reporter-output>
        </test-method> <!-- runScenario -->
        <test-method is-config="true" signature="tearDownClass()[pri:0, instance:runner.TestRunner@3b79fd76]" started-at="2025-02-24T23:46:14 EST" name="tearDownClass" finished-at="2025-02-24T23:46:43 EST" duration-ms="28853" status="PASS">
          <reporter-output>
          </reporter-output>
        </test-method> <!-- tearDownClass -->
      </class> <!-- runner.TestRunner -->
    </test> <!-- Default test -->
  </suite> <!-- Default suite -->
</testng-results>
